2013/08/14 13:01:23 [error] [exception.CHttpException.404] exception 'CHttpException' with message 'Unable to resolve the request "favicon.ico".' in C:\Users\Daniel\Documents\GitHub\askengine\framework\web\CWebApplication.php:286
Stack trace:
#0 C:\Users\Daniel\Documents\GitHub\askengine\framework\web\CWebApplication.php(141): CWebApplication->runController('favicon.ico')
#1 C:\Users\Daniel\Documents\GitHub\askengine\framework\base\CApplication.php(169): CWebApplication->processRequest()
#2 C:\Users\Daniel\Documents\GitHub\askengine\index.php(13): CApplication->run()
#3 {main}
REQUEST_URI=/favicon.ico
---
2013/08/14 13:01:28 [error] [php] Non-static method Time::timeAgoInWords() should not be called statically, assuming $this from incompatible context (C:\Users\Daniel\Documents\GitHub\askengine\protected\views\question\_view.php:11)
Stack trace:
#0 C:\Users\Daniel\Documents\GitHub\askengine\framework\zii\widgets\CListView.php(281): QuestionController->renderFile()
#1 C:\Users\Daniel\Documents\GitHub\askengine\framework\zii\widgets\CBaseListView.php(160): CListView->renderItems()
#2 unknown(0): CListView->renderSection()
#3 C:\Users\Daniel\Documents\GitHub\askengine\framework\zii\widgets\CBaseListView.php(143): preg_replace_callback()
#4 C:\Users\Daniel\Documents\GitHub\askengine\framework\zii\widgets\CBaseListView.php(128): CListView->renderContent()
#5 C:\Users\Daniel\Documents\GitHub\askengine\framework\web\CBaseController.php(173): CListView->run()
#6 C:\Users\Daniel\Documents\GitHub\askengine\protected\views\question\index.php(18): QuestionController->widget()
#7 C:\Users\Daniel\Documents\GitHub\askengine\framework\web\CBaseController.php(126): require()
#8 C:\Users\Daniel\Documents\GitHub\askengine\framework\web\CBaseController.php(95): QuestionController->renderInternal()
#9 C:\Users\Daniel\Documents\GitHub\askengine\framework\web\CController.php(869): QuestionController->renderFile()
#10 C:\Users\Daniel\Documents\GitHub\askengine\framework\web\CController.php(782): QuestionController->renderPartial()
#11 C:\Users\Daniel\Documents\GitHub\askengine\protected\controllers\QuestionController.php(284): QuestionController->render()
#12 C:\Users\Daniel\Documents\GitHub\askengine\framework\web\actions\CInlineAction.php(49): QuestionController->actionIndex()
#13 C:\Users\Daniel\Documents\GitHub\askengine\framework\web\CController.php(308): CInlineAction->runWithParams()
#14 C:\Users\Daniel\Documents\GitHub\askengine\framework\web\filters\CFilterChain.php(133): QuestionController->runAction()
#15 C:\Users\Daniel\Documents\GitHub\askengine\framework\web\filters\CFilter.php(40): CFilterChain->run()
#16 C:\Users\Daniel\Documents\GitHub\askengine\framework\web\CController.php(1145): CAccessControlFilter->filter()
#17 C:\Users\Daniel\Documents\GitHub\askengine\framework\web\filters\CInlineFilter.php(58): QuestionController->filterAccessControl()
#18 C:\Users\Daniel\Documents\GitHub\askengine\framework\web\filters\CFilterChain.php(130): CInlineFilter->filter()
#19 C:\Users\Daniel\Documents\GitHub\askengine\framework\web\CController.php(291): CFilterChain->run()
#20 C:\Users\Daniel\Documents\GitHub\askengine\framework\web\CController.php(265): QuestionController->runActionWithFilters()
#21 C:\Users\Daniel\Documents\GitHub\askengine\framework\web\CWebApplication.php(282): QuestionController->run()
#22 C:\Users\Daniel\Documents\GitHub\askengine\framework\web\CWebApplication.php(141): CWebApplication->runController()
#23 C:\Users\Daniel\Documents\GitHub\askengine\framework\base\CApplication.php(169): CWebApplication->processRequest()
#24 C:\Users\Daniel\Documents\GitHub\askengine\index.php(13): CWebApplication->run()
REQUEST_URI=/question/
in C:\Users\Daniel\Documents\GitHub\askengine\protected\views\question\_view.php (11)
in C:\Users\Daniel\Documents\GitHub\askengine\protected\views\question\index.php (18)
in C:\Users\Daniel\Documents\GitHub\askengine\protected\controllers\QuestionController.php (284)
2013/08/14 13:01:28 [error] [exception.CHttpException.404] exception 'CHttpException' with message 'Unable to resolve the request "favicon.ico".' in C:\Users\Daniel\Documents\GitHub\askengine\framework\web\CWebApplication.php:286
Stack trace:
#0 C:\Users\Daniel\Documents\GitHub\askengine\framework\web\CWebApplication.php(141): CWebApplication->runController('favicon.ico')
#1 C:\Users\Daniel\Documents\GitHub\askengine\framework\base\CApplication.php(169): CWebApplication->processRequest()
#2 C:\Users\Daniel\Documents\GitHub\askengine\index.php(13): CApplication->run()
#3 {main}
REQUEST_URI=/favicon.ico
---
2013/08/14 13:02:28 [error] [php] Non-static method Time::timeAgoInWords() should not be called statically, assuming $this from incompatible context (C:\Users\Daniel\Documents\GitHub\askengine\protected\views\question\_view.php:11)
Stack trace:
#0 C:\Users\Daniel\Documents\GitHub\askengine\framework\zii\widgets\CListView.php(281): QuestionController->renderFile()
#1 C:\Users\Daniel\Documents\GitHub\askengine\framework\zii\widgets\CBaseListView.php(160): CListView->renderItems()
#2 unknown(0): CListView->renderSection()
#3 C:\Users\Daniel\Documents\GitHub\askengine\framework\zii\widgets\CBaseListView.php(143): preg_replace_callback()
#4 C:\Users\Daniel\Documents\GitHub\askengine\framework\zii\widgets\CBaseListView.php(128): CListView->renderContent()
#5 C:\Users\Daniel\Documents\GitHub\askengine\framework\web\CBaseController.php(173): CListView->run()
#6 C:\Users\Daniel\Documents\GitHub\askengine\protected\views\question\index.php(18): QuestionController->widget()
#7 C:\Users\Daniel\Documents\GitHub\askengine\framework\web\CBaseController.php(126): require()
#8 C:\Users\Daniel\Documents\GitHub\askengine\framework\web\CBaseController.php(95): QuestionController->renderInternal()
#9 C:\Users\Daniel\Documents\GitHub\askengine\framework\web\CController.php(869): QuestionController->renderFile()
#10 C:\Users\Daniel\Documents\GitHub\askengine\framework\web\CController.php(782): QuestionController->renderPartial()
#11 C:\Users\Daniel\Documents\GitHub\askengine\protected\controllers\QuestionController.php(284): QuestionController->render()
#12 C:\Users\Daniel\Documents\GitHub\askengine\framework\web\actions\CInlineAction.php(49): QuestionController->actionIndex()
#13 C:\Users\Daniel\Documents\GitHub\askengine\framework\web\CController.php(308): CInlineAction->runWithParams()
#14 C:\Users\Daniel\Documents\GitHub\askengine\framework\web\filters\CFilterChain.php(133): QuestionController->runAction()
#15 C:\Users\Daniel\Documents\GitHub\askengine\framework\web\filters\CFilter.php(40): CFilterChain->run()
#16 C:\Users\Daniel\Documents\GitHub\askengine\framework\web\CController.php(1145): CAccessControlFilter->filter()
#17 C:\Users\Daniel\Documents\GitHub\askengine\framework\web\filters\CInlineFilter.php(58): QuestionController->filterAccessControl()
#18 C:\Users\Daniel\Documents\GitHub\askengine\framework\web\filters\CFilterChain.php(130): CInlineFilter->filter()
#19 C:\Users\Daniel\Documents\GitHub\askengine\framework\web\CController.php(291): CFilterChain->run()
#20 C:\Users\Daniel\Documents\GitHub\askengine\framework\web\CController.php(265): QuestionController->runActionWithFilters()
#21 C:\Users\Daniel\Documents\GitHub\askengine\framework\web\CWebApplication.php(282): QuestionController->run()
#22 C:\Users\Daniel\Documents\GitHub\askengine\framework\web\CWebApplication.php(141): CWebApplication->runController()
#23 C:\Users\Daniel\Documents\GitHub\askengine\framework\base\CApplication.php(169): CWebApplication->processRequest()
#24 C:\Users\Daniel\Documents\GitHub\askengine\index.php(13): CWebApplication->run()
REQUEST_URI=/question/
in C:\Users\Daniel\Documents\GitHub\askengine\protected\views\question\_view.php (11)
in C:\Users\Daniel\Documents\GitHub\askengine\protected\views\question\index.php (18)
in C:\Users\Daniel\Documents\GitHub\askengine\protected\controllers\QuestionController.php (284)
2013/08/14 13:02:29 [error] [exception.CHttpException.404] exception 'CHttpException' with message 'Unable to resolve the request "favicon.ico".' in C:\Users\Daniel\Documents\GitHub\askengine\framework\web\CWebApplication.php:286
Stack trace:
#0 C:\Users\Daniel\Documents\GitHub\askengine\framework\web\CWebApplication.php(141): CWebApplication->runController('favicon.ico')
#1 C:\Users\Daniel\Documents\GitHub\askengine\framework\base\CApplication.php(169): CWebApplication->processRequest()
#2 C:\Users\Daniel\Documents\GitHub\askengine\index.php(13): CApplication->run()
#3 {main}
REQUEST_URI=/favicon.ico
---
2013/08/14 13:02:29 [error] [exception.CHttpException.404] exception 'CHttpException' with message 'Unable to resolve the request "favicon.ico".' in C:\Users\Daniel\Documents\GitHub\askengine\framework\web\CWebApplication.php:286
Stack trace:
#0 C:\Users\Daniel\Documents\GitHub\askengine\framework\web\CWebApplication.php(141): CWebApplication->runController('favicon.ico')
#1 C:\Users\Daniel\Documents\GitHub\askengine\framework\base\CApplication.php(169): CWebApplication->processRequest()
#2 C:\Users\Daniel\Documents\GitHub\askengine\index.php(13): CApplication->run()
#3 {main}
REQUEST_URI=/favicon.ico
---
2013/08/14 13:07:23 [error] [php] Trying to get property of non-object (C:\Users\Daniel\Documents\GitHub\askengine\protected\views\question\_feed.php:1)
Stack trace:
#0 C:\Users\Daniel\Documents\GitHub\askengine\framework\zii\widgets\CListView.php(281): QuestionController->renderFile()
#1 C:\Users\Daniel\Documents\GitHub\askengine\framework\zii\widgets\CBaseListView.php(160): CListView->renderItems()
#2 unknown(0): CListView->renderSection()
#3 C:\Users\Daniel\Documents\GitHub\askengine\framework\zii\widgets\CBaseListView.php(143): preg_replace_callback()
#4 C:\Users\Daniel\Documents\GitHub\askengine\framework\zii\widgets\CBaseListView.php(128): CListView->renderContent()
#5 C:\Users\Daniel\Documents\GitHub\askengine\framework\web\CBaseController.php(173): CListView->run()
#6 C:\Users\Daniel\Documents\GitHub\askengine\protected\views\question\index.php(18): QuestionController->widget()
#7 C:\Users\Daniel\Documents\GitHub\askengine\framework\web\CBaseController.php(126): require()
#8 C:\Users\Daniel\Documents\GitHub\askengine\framework\web\CBaseController.php(95): QuestionController->renderInternal()
#9 C:\Users\Daniel\Documents\GitHub\askengine\framework\web\CController.php(869): QuestionController->renderFile()
#10 C:\Users\Daniel\Documents\GitHub\askengine\framework\web\CController.php(782): QuestionController->renderPartial()
#11 C:\Users\Daniel\Documents\GitHub\askengine\protected\controllers\QuestionController.php(284): QuestionController->render()
#12 C:\Users\Daniel\Documents\GitHub\askengine\framework\web\actions\CInlineAction.php(49): QuestionController->actionIndex()
#13 C:\Users\Daniel\Documents\GitHub\askengine\framework\web\CController.php(308): CInlineAction->runWithParams()
#14 C:\Users\Daniel\Documents\GitHub\askengine\framework\web\filters\CFilterChain.php(133): QuestionController->runAction()
#15 C:\Users\Daniel\Documents\GitHub\askengine\framework\web\filters\CFilter.php(40): CFilterChain->run()
#16 C:\Users\Daniel\Documents\GitHub\askengine\framework\web\CController.php(1145): CAccessControlFilter->filter()
#17 C:\Users\Daniel\Documents\GitHub\askengine\framework\web\filters\CInlineFilter.php(58): QuestionController->filterAccessControl()
#18 C:\Users\Daniel\Documents\GitHub\askengine\framework\web\filters\CFilterChain.php(130): CInlineFilter->filter()
#19 C:\Users\Daniel\Documents\GitHub\askengine\framework\web\CController.php(291): CFilterChain->run()
#20 C:\Users\Daniel\Documents\GitHub\askengine\framework\web\CController.php(265): QuestionController->runActionWithFilters()
#21 C:\Users\Daniel\Documents\GitHub\askengine\framework\web\CWebApplication.php(282): QuestionController->run()
#22 C:\Users\Daniel\Documents\GitHub\askengine\framework\web\CWebApplication.php(141): CWebApplication->runController()
#23 C:\Users\Daniel\Documents\GitHub\askengine\framework\base\CApplication.php(169): CWebApplication->processRequest()
#24 C:\Users\Daniel\Documents\GitHub\askengine\index.php(13): CWebApplication->run()
REQUEST_URI=/question/
in C:\Users\Daniel\Documents\GitHub\askengine\protected\views\question\_feed.php (1)
in C:\Users\Daniel\Documents\GitHub\askengine\protected\views\question\index.php (18)
in C:\Users\Daniel\Documents\GitHub\askengine\protected\controllers\QuestionController.php (284)
2013/08/14 13:07:23 [error] [exception.CHttpException.404] exception 'CHttpException' with message 'Unable to resolve the request "favicon.ico".' in C:\Users\Daniel\Documents\GitHub\askengine\framework\web\CWebApplication.php:286
Stack trace:
#0 C:\Users\Daniel\Documents\GitHub\askengine\framework\web\CWebApplication.php(141): CWebApplication->runController('favicon.ico')
#1 C:\Users\Daniel\Documents\GitHub\askengine\framework\base\CApplication.php(169): CWebApplication->processRequest()
#2 C:\Users\Daniel\Documents\GitHub\askengine\index.php(13): CApplication->run()
#3 {main}
REQUEST_URI=/favicon.ico
---
2013/08/14 13:10:18 [error] [system.db.CDbCommand] CDbCommand::fetchColumn() failed: SQLSTATE[23000]: Integrity constraint violation: 1052 Column 'status' in where clause is ambiguous. The SQL statement executed was: SELECT COUNT(DISTINCT `t`.`id`) FROM `tbl_question` `t` INNER JOIN `tbl_user_user_assigment` ON `t`.`to_id` = `tbl_user_user_assigment`.`user_2` LEFT OUTER JOIN `tbl_user` `receiver` ON (`t`.`to_id`=`receiver`.`id`)  LEFT OUTER JOIN `tbl_image` `image` ON (`image`.`user_id`=`receiver`.`id`)  WHERE (status = :status AND tbl_user_user_assigment.user_1 = :user_1). Bound with :status=1, :user_1='4'.
in C:\Users\Daniel\Documents\GitHub\askengine\protected\views\question\index.php (18)
in C:\Users\Daniel\Documents\GitHub\askengine\protected\controllers\QuestionController.php (285)
in C:\Users\Daniel\Documents\GitHub\askengine\index.php (13)
2013/08/14 13:10:18 [error] [exception.CDbException] exception 'CDbException' with message 'CDbCommand failed to execute the SQL statement: SQLSTATE[23000]: Integrity constraint violation: 1052 Column 'status' in where clause is ambiguous. The SQL statement executed was: SELECT COUNT(DISTINCT `t`.`id`) FROM `tbl_question` `t` INNER JOIN `tbl_user_user_assigment` ON `t`.`to_id` = `tbl_user_user_assigment`.`user_2` LEFT OUTER JOIN `tbl_user` `receiver` ON (`t`.`to_id`=`receiver`.`id`)  LEFT OUTER JOIN `tbl_image` `image` ON (`image`.`user_id`=`receiver`.`id`)  WHERE (status = :status AND tbl_user_user_assigment.user_1 = :user_1). Bound with :status=1, :user_1='4'' in C:\Users\Daniel\Documents\GitHub\askengine\framework\db\CDbCommand.php:541
Stack trace:
#0 C:\Users\Daniel\Documents\GitHub\askengine\framework\db\CDbCommand.php(432): CDbCommand->queryInternal('fetchColumn', 0, Array)
#1 C:\Users\Daniel\Documents\GitHub\askengine\framework\db\ar\CActiveFinder.php(718): CDbCommand->queryScalar()
#2 C:\Users\Daniel\Documents\GitHub\askengine\framework\db\ar\CActiveFinder.php(151): CJoinElement->count(Object(CDbCriteria))
#3 C:\Users\Daniel\Documents\GitHub\askengine\framework\db\ar\CActiveRecord.php(1550): CActiveFinder->count(Object(CDbCriteria))
#4 C:\Users\Daniel\Documents\GitHub\askengine\framework\web\CActiveDataProvider.php(179): CActiveRecord->count(Object(CDbCriteria))
#5 C:\Users\Daniel\Documents\GitHub\askengine\framework\web\CDataProvider.php(224): CActiveDataProvider->calculateTotalItemCount()
#6 C:\Users\Daniel\Documents\GitHub\askengine\framework\web\CActiveDataProvider.php(129): CDataProvider->getTotalItemCount()
#7 C:\Users\Daniel\Documents\GitHub\askengine\framework\web\CDataProvider.php(168): CActiveDataProvider->fetchData()
#8 C:\Users\Daniel\Documents\GitHub\askengine\framework\zii\widgets\CBaseListView.php(107): CDataProvider->getData()
#9 C:\Users\Daniel\Documents\GitHub\askengine\framework\zii\widgets\CListView.php(203): CBaseListView->init()
#10 C:\Users\Daniel\Documents\GitHub\askengine\framework\web\CBaseController.php(147): CListView->init()
#11 C:\Users\Daniel\Documents\GitHub\askengine\framework\web\CBaseController.php(172): CBaseController->createWidget('zii.widgets.CLi...', Array)
#12 C:\Users\Daniel\Documents\GitHub\askengine\protected\views\question\index.php(18): CBaseController->widget('zii.widgets.CLi...', Array)
#13 C:\Users\Daniel\Documents\GitHub\askengine\framework\web\CBaseController.php(126): require('C:\Users\Daniel...')
#14 C:\Users\Daniel\Documents\GitHub\askengine\framework\web\CBaseController.php(95): CBaseController->renderInternal('C:\Users\Daniel...', Array, true)
#15 C:\Users\Daniel\Documents\GitHub\askengine\framework\web\CController.php(869): CBaseController->renderFile('C:\Users\Daniel...', Array, true)
#16 C:\Users\Daniel\Documents\GitHub\askengine\framework\web\CController.php(782): CController->renderPartial('index', Array, true)
#17 C:\Users\Daniel\Documents\GitHub\askengine\protected\controllers\QuestionController.php(285): CController->render('index', Array)
#18 C:\Users\Daniel\Documents\GitHub\askengine\framework\web\actions\CInlineAction.php(49): QuestionController->actionIndex()
#19 C:\Users\Daniel\Documents\GitHub\askengine\framework\web\CController.php(308): CInlineAction->runWithParams(Array)
#20 C:\Users\Daniel\Documents\GitHub\askengine\framework\web\filters\CFilterChain.php(133): CController->runAction(Object(CInlineAction))
#21 C:\Users\Daniel\Documents\GitHub\askengine\framework\web\filters\CFilter.php(40): CFilterChain->run()
#22 C:\Users\Daniel\Documents\GitHub\askengine\framework\web\CController.php(1145): CFilter->filter(Object(CFilterChain))
#23 C:\Users\Daniel\Documents\GitHub\askengine\framework\web\filters\CInlineFilter.php(58): CController->filterAccessControl(Object(CFilterChain))
#24 C:\Users\Daniel\Documents\GitHub\askengine\framework\web\filters\CFilterChain.php(130): CInlineFilter->filter(Object(CFilterChain))
#25 C:\Users\Daniel\Documents\GitHub\askengine\framework\web\CController.php(291): CFilterChain->run()
#26 C:\Users\Daniel\Documents\GitHub\askengine\framework\web\CController.php(265): CController->runActionWithFilters(Object(CInlineAction), Array)
#27 C:\Users\Daniel\Documents\GitHub\askengine\framework\web\CWebApplication.php(282): CController->run('')
#28 C:\Users\Daniel\Documents\GitHub\askengine\framework\web\CWebApplication.php(141): CWebApplication->runController('question')
#29 C:\Users\Daniel\Documents\GitHub\askengine\framework\base\CApplication.php(169): CWebApplication->processRequest()
#30 C:\Users\Daniel\Documents\GitHub\askengine\index.php(13): CApplication->run()
#31 {main}
REQUEST_URI=/question/
---
2013/08/14 13:10:18 [error] [exception.CHttpException.404] exception 'CHttpException' with message 'Unable to resolve the request "favicon.ico".' in C:\Users\Daniel\Documents\GitHub\askengine\framework\web\CWebApplication.php:286
Stack trace:
#0 C:\Users\Daniel\Documents\GitHub\askengine\framework\web\CWebApplication.php(141): CWebApplication->runController('favicon.ico')
#1 C:\Users\Daniel\Documents\GitHub\askengine\framework\base\CApplication.php(169): CWebApplication->processRequest()
#2 C:\Users\Daniel\Documents\GitHub\askengine\index.php(13): CApplication->run()
#3 {main}
REQUEST_URI=/favicon.ico
---
2013/08/14 13:10:38 [error] [exception.CDbException] exception 'CDbException' with message 'Relation "user" is not defined in active record class "Question".' in C:\Users\Daniel\Documents\GitHub\askengine\framework\db\ar\CActiveFinder.php:211
Stack trace:
#0 C:\Users\Daniel\Documents\GitHub\askengine\framework\db\ar\CActiveFinder.php(195): CActiveFinder->buildJoinTree(Object(CJoinElement), 'user')
#1 C:\Users\Daniel\Documents\GitHub\askengine\framework\db\ar\CActiveFinder.php(281): CActiveFinder->buildJoinTree(Object(CJoinElement), 'user.image')
#2 C:\Users\Daniel\Documents\GitHub\askengine\framework\db\ar\CActiveFinder.php(48): CActiveFinder->buildJoinTree(Object(CJoinElement), Array)
#3 C:\Users\Daniel\Documents\GitHub\askengine\framework\db\ar\CActiveRecord.php(1549): CActiveFinder->__construct(Object(Question), Array)
#4 C:\Users\Daniel\Documents\GitHub\askengine\framework\web\CActiveDataProvider.php(179): CActiveRecord->count(Object(CDbCriteria))
#5 C:\Users\Daniel\Documents\GitHub\askengine\framework\web\CDataProvider.php(224): CActiveDataProvider->calculateTotalItemCount()
#6 C:\Users\Daniel\Documents\GitHub\askengine\framework\web\CActiveDataProvider.php(129): CDataProvider->getTotalItemCount()
#7 C:\Users\Daniel\Documents\GitHub\askengine\framework\web\CDataProvider.php(168): CActiveDataProvider->fetchData()
#8 C:\Users\Daniel\Documents\GitHub\askengine\framework\zii\widgets\CBaseListView.php(107): CDataProvider->getData()
#9 C:\Users\Daniel\Documents\GitHub\askengine\framework\zii\widgets\CListView.php(203): CBaseListView->init()
#10 C:\Users\Daniel\Documents\GitHub\askengine\framework\web\CBaseController.php(147): CListView->init()
#11 C:\Users\Daniel\Documents\GitHub\askengine\framework\web\CBaseController.php(172): CBaseController->createWidget('zii.widgets.CLi...', Array)
#12 C:\Users\Daniel\Documents\GitHub\askengine\protected\views\question\index.php(18): CBaseController->widget('zii.widgets.CLi...', Array)
#13 C:\Users\Daniel\Documents\GitHub\askengine\framework\web\CBaseController.php(126): require('C:\Users\Daniel...')
#14 C:\Users\Daniel\Documents\GitHub\askengine\framework\web\CBaseController.php(95): CBaseController->renderInternal('C:\Users\Daniel...', Array, true)
#15 C:\Users\Daniel\Documents\GitHub\askengine\framework\web\CController.php(869): CBaseController->renderFile('C:\Users\Daniel...', Array, true)
#16 C:\Users\Daniel\Documents\GitHub\askengine\framework\web\CController.php(782): CController->renderPartial('index', Array, true)
#17 C:\Users\Daniel\Documents\GitHub\askengine\protected\controllers\QuestionController.php(285): CController->render('index', Array)
#18 C:\Users\Daniel\Documents\GitHub\askengine\framework\web\actions\CInlineAction.php(49): QuestionController->actionIndex()
#19 C:\Users\Daniel\Documents\GitHub\askengine\framework\web\CController.php(308): CInlineAction->runWithParams(Array)
#20 C:\Users\Daniel\Documents\GitHub\askengine\framework\web\filters\CFilterChain.php(133): CController->runAction(Object(CInlineAction))
#21 C:\Users\Daniel\Documents\GitHub\askengine\framework\web\filters\CFilter.php(40): CFilterChain->run()
#22 C:\Users\Daniel\Documents\GitHub\askengine\framework\web\CController.php(1145): CFilter->filter(Object(CFilterChain))
#23 C:\Users\Daniel\Documents\GitHub\askengine\framework\web\filters\CInlineFilter.php(58): CController->filterAccessControl(Object(CFilterChain))
#24 C:\Users\Daniel\Documents\GitHub\askengine\framework\web\filters\CFilterChain.php(130): CInlineFilter->filter(Object(CFilterChain))
#25 C:\Users\Daniel\Documents\GitHub\askengine\framework\web\CController.php(291): CFilterChain->run()
#26 C:\Users\Daniel\Documents\GitHub\askengine\framework\web\CController.php(265): CController->runActionWithFilters(Object(CInlineAction), Array)
#27 C:\Users\Daniel\Documents\GitHub\askengine\framework\web\CWebApplication.php(282): CController->run('')
#28 C:\Users\Daniel\Documents\GitHub\askengine\framework\web\CWebApplication.php(141): CWebApplication->runController('question')
#29 C:\Users\Daniel\Documents\GitHub\askengine\framework\base\CApplication.php(169): CWebApplication->processRequest()
#30 C:\Users\Daniel\Documents\GitHub\askengine\index.php(13): CApplication->run()
#31 {main}
REQUEST_URI=/question/
---
2013/08/14 13:10:38 [error] [exception.CHttpException.404] exception 'CHttpException' with message 'Unable to resolve the request "favicon.ico".' in C:\Users\Daniel\Documents\GitHub\askengine\framework\web\CWebApplication.php:286
Stack trace:
#0 C:\Users\Daniel\Documents\GitHub\askengine\framework\web\CWebApplication.php(141): CWebApplication->runController('favicon.ico')
#1 C:\Users\Daniel\Documents\GitHub\askengine\framework\base\CApplication.php(169): CWebApplication->processRequest()
#2 C:\Users\Daniel\Documents\GitHub\askengine\index.php(13): CApplication->run()
#3 {main}
REQUEST_URI=/favicon.ico
---
2013/08/14 13:10:57 [error] [system.db.CDbCommand] CDbCommand::fetchColumn() failed: SQLSTATE[23000]: Integrity constraint violation: 1052 Column 'status' in where clause is ambiguous. The SQL statement executed was: SELECT COUNT(DISTINCT `t`.`id`) FROM `tbl_question` `t` INNER JOIN `tbl_user_user_assigment` ON `t`.`to_id` = `tbl_user_user_assigment`.`user_2` LEFT OUTER JOIN `tbl_user` `receiver` ON (`t`.`to_id`=`receiver`.`id`)  LEFT OUTER JOIN `tbl_image` `image` ON (`image`.`user_id`=`receiver`.`id`)  WHERE (status = :status AND tbl_user_user_assigment.user_1 = :user_1). Bound with :status=1, :user_1='4'.
in C:\Users\Daniel\Documents\GitHub\askengine\protected\views\question\index.php (18)
in C:\Users\Daniel\Documents\GitHub\askengine\protected\controllers\QuestionController.php (285)
in C:\Users\Daniel\Documents\GitHub\askengine\index.php (13)
2013/08/14 13:10:57 [error] [exception.CDbException] exception 'CDbException' with message 'CDbCommand failed to execute the SQL statement: SQLSTATE[23000]: Integrity constraint violation: 1052 Column 'status' in where clause is ambiguous. The SQL statement executed was: SELECT COUNT(DISTINCT `t`.`id`) FROM `tbl_question` `t` INNER JOIN `tbl_user_user_assigment` ON `t`.`to_id` = `tbl_user_user_assigment`.`user_2` LEFT OUTER JOIN `tbl_user` `receiver` ON (`t`.`to_id`=`receiver`.`id`)  LEFT OUTER JOIN `tbl_image` `image` ON (`image`.`user_id`=`receiver`.`id`)  WHERE (status = :status AND tbl_user_user_assigment.user_1 = :user_1). Bound with :status=1, :user_1='4'' in C:\Users\Daniel\Documents\GitHub\askengine\framework\db\CDbCommand.php:541
Stack trace:
#0 C:\Users\Daniel\Documents\GitHub\askengine\framework\db\CDbCommand.php(432): CDbCommand->queryInternal('fetchColumn', 0, Array)
#1 C:\Users\Daniel\Documents\GitHub\askengine\framework\db\ar\CActiveFinder.php(718): CDbCommand->queryScalar()
#2 C:\Users\Daniel\Documents\GitHub\askengine\framework\db\ar\CActiveFinder.php(151): CJoinElement->count(Object(CDbCriteria))
#3 C:\Users\Daniel\Documents\GitHub\askengine\framework\db\ar\CActiveRecord.php(1550): CActiveFinder->count(Object(CDbCriteria))
#4 C:\Users\Daniel\Documents\GitHub\askengine\framework\web\CActiveDataProvider.php(179): CActiveRecord->count(Object(CDbCriteria))
#5 C:\Users\Daniel\Documents\GitHub\askengine\framework\web\CDataProvider.php(224): CActiveDataProvider->calculateTotalItemCount()
#6 C:\Users\Daniel\Documents\GitHub\askengine\framework\web\CActiveDataProvider.php(129): CDataProvider->getTotalItemCount()
#7 C:\Users\Daniel\Documents\GitHub\askengine\framework\web\CDataProvider.php(168): CActiveDataProvider->fetchData()
#8 C:\Users\Daniel\Documents\GitHub\askengine\framework\zii\widgets\CBaseListView.php(107): CDataProvider->getData()
#9 C:\Users\Daniel\Documents\GitHub\askengine\framework\zii\widgets\CListView.php(203): CBaseListView->init()
#10 C:\Users\Daniel\Documents\GitHub\askengine\framework\web\CBaseController.php(147): CListView->init()
#11 C:\Users\Daniel\Documents\GitHub\askengine\framework\web\CBaseController.php(172): CBaseController->createWidget('zii.widgets.CLi...', Array)
#12 C:\Users\Daniel\Documents\GitHub\askengine\protected\views\question\index.php(18): CBaseController->widget('zii.widgets.CLi...', Array)
#13 C:\Users\Daniel\Documents\GitHub\askengine\framework\web\CBaseController.php(126): require('C:\Users\Daniel...')
#14 C:\Users\Daniel\Documents\GitHub\askengine\framework\web\CBaseController.php(95): CBaseController->renderInternal('C:\Users\Daniel...', Array, true)
#15 C:\Users\Daniel\Documents\GitHub\askengine\framework\web\CController.php(869): CBaseController->renderFile('C:\Users\Daniel...', Array, true)
#16 C:\Users\Daniel\Documents\GitHub\askengine\framework\web\CController.php(782): CController->renderPartial('index', Array, true)
#17 C:\Users\Daniel\Documents\GitHub\askengine\protected\controllers\QuestionController.php(285): CController->render('index', Array)
#18 C:\Users\Daniel\Documents\GitHub\askengine\framework\web\actions\CInlineAction.php(49): QuestionController->actionIndex()
#19 C:\Users\Daniel\Documents\GitHub\askengine\framework\web\CController.php(308): CInlineAction->runWithParams(Array)
#20 C:\Users\Daniel\Documents\GitHub\askengine\framework\web\filters\CFilterChain.php(133): CController->runAction(Object(CInlineAction))
#21 C:\Users\Daniel\Documents\GitHub\askengine\framework\web\filters\CFilter.php(40): CFilterChain->run()
#22 C:\Users\Daniel\Documents\GitHub\askengine\framework\web\CController.php(1145): CFilter->filter(Object(CFilterChain))
#23 C:\Users\Daniel\Documents\GitHub\askengine\framework\web\filters\CInlineFilter.php(58): CController->filterAccessControl(Object(CFilterChain))
#24 C:\Users\Daniel\Documents\GitHub\askengine\framework\web\filters\CFilterChain.php(130): CInlineFilter->filter(Object(CFilterChain))
#25 C:\Users\Daniel\Documents\GitHub\askengine\framework\web\CController.php(291): CFilterChain->run()
#26 C:\Users\Daniel\Documents\GitHub\askengine\framework\web\CController.php(265): CController->runActionWithFilters(Object(CInlineAction), Array)
#27 C:\Users\Daniel\Documents\GitHub\askengine\framework\web\CWebApplication.php(282): CController->run('')
#28 C:\Users\Daniel\Documents\GitHub\askengine\framework\web\CWebApplication.php(141): CWebApplication->runController('question')
#29 C:\Users\Daniel\Documents\GitHub\askengine\framework\base\CApplication.php(169): CWebApplication->processRequest()
#30 C:\Users\Daniel\Documents\GitHub\askengine\index.php(13): CApplication->run()
#31 {main}
REQUEST_URI=/question/
---
2013/08/14 13:10:57 [error] [exception.CHttpException.404] exception 'CHttpException' with message 'Unable to resolve the request "favicon.ico".' in C:\Users\Daniel\Documents\GitHub\askengine\framework\web\CWebApplication.php:286
Stack trace:
#0 C:\Users\Daniel\Documents\GitHub\askengine\framework\web\CWebApplication.php(141): CWebApplication->runController('favicon.ico')
#1 C:\Users\Daniel\Documents\GitHub\askengine\framework\base\CApplication.php(169): CWebApplication->processRequest()
#2 C:\Users\Daniel\Documents\GitHub\askengine\index.php(13): CApplication->run()
#3 {main}
REQUEST_URI=/favicon.ico
---
2013/08/14 13:11:46 [error] [system.db.CDbCommand] CDbCommand::fetchColumn() failed: SQLSTATE[42S22]: Column not found: 1054 Unknown column 'question.status' in 'where clause'. The SQL statement executed was: SELECT COUNT(DISTINCT `t`.`id`) FROM `tbl_question` `t` INNER JOIN `tbl_user_user_assigment` ON `t`.`to_id` = `tbl_user_user_assigment`.`user_2` LEFT OUTER JOIN `tbl_user` `receiver` ON (`t`.`to_id`=`receiver`.`id`)  LEFT OUTER JOIN `tbl_image` `image` ON (`image`.`user_id`=`receiver`.`id`)  WHERE (question.status = :status AND tbl_user_user_assigment.user_1 = :user_1). Bound with :status=1, :user_1='4'.
in C:\Users\Daniel\Documents\GitHub\askengine\protected\views\question\index.php (18)
in C:\Users\Daniel\Documents\GitHub\askengine\protected\controllers\QuestionController.php (285)
in C:\Users\Daniel\Documents\GitHub\askengine\index.php (13)
2013/08/14 13:11:46 [error] [exception.CDbException] exception 'CDbException' with message 'CDbCommand failed to execute the SQL statement: SQLSTATE[42S22]: Column not found: 1054 Unknown column 'question.status' in 'where clause'. The SQL statement executed was: SELECT COUNT(DISTINCT `t`.`id`) FROM `tbl_question` `t` INNER JOIN `tbl_user_user_assigment` ON `t`.`to_id` = `tbl_user_user_assigment`.`user_2` LEFT OUTER JOIN `tbl_user` `receiver` ON (`t`.`to_id`=`receiver`.`id`)  LEFT OUTER JOIN `tbl_image` `image` ON (`image`.`user_id`=`receiver`.`id`)  WHERE (question.status = :status AND tbl_user_user_assigment.user_1 = :user_1). Bound with :status=1, :user_1='4'' in C:\Users\Daniel\Documents\GitHub\askengine\framework\db\CDbCommand.php:541
Stack trace:
#0 C:\Users\Daniel\Documents\GitHub\askengine\framework\db\CDbCommand.php(432): CDbCommand->queryInternal('fetchColumn', 0, Array)
#1 C:\Users\Daniel\Documents\GitHub\askengine\framework\db\ar\CActiveFinder.php(718): CDbCommand->queryScalar()
#2 C:\Users\Daniel\Documents\GitHub\askengine\framework\db\ar\CActiveFinder.php(151): CJoinElement->count(Object(CDbCriteria))
#3 C:\Users\Daniel\Documents\GitHub\askengine\framework\db\ar\CActiveRecord.php(1550): CActiveFinder->count(Object(CDbCriteria))
#4 C:\Users\Daniel\Documents\GitHub\askengine\framework\web\CActiveDataProvider.php(179): CActiveRecord->count(Object(CDbCriteria))
#5 C:\Users\Daniel\Documents\GitHub\askengine\framework\web\CDataProvider.php(224): CActiveDataProvider->calculateTotalItemCount()
#6 C:\Users\Daniel\Documents\GitHub\askengine\framework\web\CActiveDataProvider.php(129): CDataProvider->getTotalItemCount()
#7 C:\Users\Daniel\Documents\GitHub\askengine\framework\web\CDataProvider.php(168): CActiveDataProvider->fetchData()
#8 C:\Users\Daniel\Documents\GitHub\askengine\framework\zii\widgets\CBaseListView.php(107): CDataProvider->getData()
#9 C:\Users\Daniel\Documents\GitHub\askengine\framework\zii\widgets\CListView.php(203): CBaseListView->init()
#10 C:\Users\Daniel\Documents\GitHub\askengine\framework\web\CBaseController.php(147): CListView->init()
#11 C:\Users\Daniel\Documents\GitHub\askengine\framework\web\CBaseController.php(172): CBaseController->createWidget('zii.widgets.CLi...', Array)
#12 C:\Users\Daniel\Documents\GitHub\askengine\protected\views\question\index.php(18): CBaseController->widget('zii.widgets.CLi...', Array)
#13 C:\Users\Daniel\Documents\GitHub\askengine\framework\web\CBaseController.php(126): require('C:\Users\Daniel...')
#14 C:\Users\Daniel\Documents\GitHub\askengine\framework\web\CBaseController.php(95): CBaseController->renderInternal('C:\Users\Daniel...', Array, true)
#15 C:\Users\Daniel\Documents\GitHub\askengine\framework\web\CController.php(869): CBaseController->renderFile('C:\Users\Daniel...', Array, true)
#16 C:\Users\Daniel\Documents\GitHub\askengine\framework\web\CController.php(782): CController->renderPartial('index', Array, true)
#17 C:\Users\Daniel\Documents\GitHub\askengine\protected\controllers\QuestionController.php(285): CController->render('index', Array)
#18 C:\Users\Daniel\Documents\GitHub\askengine\framework\web\actions\CInlineAction.php(49): QuestionController->actionIndex()
#19 C:\Users\Daniel\Documents\GitHub\askengine\framework\web\CController.php(308): CInlineAction->runWithParams(Array)
#20 C:\Users\Daniel\Documents\GitHub\askengine\framework\web\filters\CFilterChain.php(133): CController->runAction(Object(CInlineAction))
#21 C:\Users\Daniel\Documents\GitHub\askengine\framework\web\filters\CFilter.php(40): CFilterChain->run()
#22 C:\Users\Daniel\Documents\GitHub\askengine\framework\web\CController.php(1145): CFilter->filter(Object(CFilterChain))
#23 C:\Users\Daniel\Documents\GitHub\askengine\framework\web\filters\CInlineFilter.php(58): CController->filterAccessControl(Object(CFilterChain))
#24 C:\Users\Daniel\Documents\GitHub\askengine\framework\web\filters\CFilterChain.php(130): CInlineFilter->filter(Object(CFilterChain))
#25 C:\Users\Daniel\Documents\GitHub\askengine\framework\web\CController.php(291): CFilterChain->run()
#26 C:\Users\Daniel\Documents\GitHub\askengine\framework\web\CController.php(265): CController->runActionWithFilters(Object(CInlineAction), Array)
#27 C:\Users\Daniel\Documents\GitHub\askengine\framework\web\CWebApplication.php(282): CController->run('')
#28 C:\Users\Daniel\Documents\GitHub\askengine\framework\web\CWebApplication.php(141): CWebApplication->runController('question')
#29 C:\Users\Daniel\Documents\GitHub\askengine\framework\base\CApplication.php(169): CWebApplication->processRequest()
#30 C:\Users\Daniel\Documents\GitHub\askengine\index.php(13): CApplication->run()
#31 {main}
REQUEST_URI=/question/
---
2013/08/14 13:11:46 [error] [exception.CHttpException.404] exception 'CHttpException' with message 'Unable to resolve the request "favicon.ico".' in C:\Users\Daniel\Documents\GitHub\askengine\framework\web\CWebApplication.php:286
Stack trace:
#0 C:\Users\Daniel\Documents\GitHub\askengine\framework\web\CWebApplication.php(141): CWebApplication->runController('favicon.ico')
#1 C:\Users\Daniel\Documents\GitHub\askengine\framework\base\CApplication.php(169): CWebApplication->processRequest()
#2 C:\Users\Daniel\Documents\GitHub\askengine\index.php(13): CApplication->run()
#3 {main}
REQUEST_URI=/favicon.ico
---
2013/08/14 13:12:01 [error] [system.db.CDbCommand] CDbCommand::fetchAll() failed: SQLSTATE[23000]: Integrity constraint violation: 1052 Column 'created_time' in order clause is ambiguous. The SQL statement executed was: SELECT `t`.`id` AS `t0_c0`, `t`.`question_text` AS `t0_c1`, `t`.`question_video_id` AS `t0_c2`, `t`.`from_id` AS `t0_c3`, `t`.`to_id` AS `t0_c4`, `t`.`answer_text` AS `t0_c5`, `t`.`answer_video_id` AS `t0_c6`, `t`.`image` AS `t0_c7`, `t`.`likes_n` AS `t0_c8`, `t`.`anonym` AS `t0_c9`, `t`.`anonym_custom` AS `t0_c10`, `t`.`status` AS `t0_c11`, `t`.`hide` AS `t0_c12`, `t`.`updated_time` AS `t0_c13`, `t`.`created_time` AS `t0_c14`, `receiver`.`id` AS `t1_c0`, `receiver`.`email` AS `t1_c1`, `receiver`.`password` AS `t1_c2`, `receiver`.`firstname` AS `t1_c3`, `receiver`.`lastname` AS `t1_c4`, `receiver`.`residence` AS `t1_c5`, `receiver`.`language` AS `t1_c6`, `receiver`.`about` AS `t1_c7`, `receiver`.`website` AS `t1_c8`, `receiver`.`title` AS `t1_c9`, `receiver`.`username` AS `t1_c10`, `receiver`.`birthday` AS `t1_c11`, `receiver`.`role` AS `t1_c12`, `receiver`.`answers_n` AS `t1_c13`, `receiver`.`likes_n` AS `t1_c14`, `receiver`.`followers_n` AS `t1_c15`, `receiver`.`created_time` AS `t1_c16`, `receiver`.`updated_time` AS `t1_c17`, `receiver`.`last_login_time` AS `t1_c18`, `receiver`.`status` AS `t1_c19`, `receiver`.`anonym_questions` AS `t1_c20`, `image`.`id` AS `t2_c0`, `image`.`image` AS `t2_c1`, `image`.`user_id` AS `t2_c2`, `image`.`filesize` AS `t2_c3`, `image`.`mime` AS `t2_c4` FROM `tbl_question` `t` INNER JOIN `tbl_user_user_assigment` ON `t`.`to_id` = `tbl_user_user_assigment`.`user_2` LEFT OUTER JOIN `tbl_user` `receiver` ON (`t`.`to_id`=`receiver`.`id`)  LEFT OUTER JOIN `tbl_image` `image` ON (`image`.`user_id`=`receiver`.`id`)  WHERE (t.status = :status AND tbl_user_user_assigment.user_1 = :user_1) ORDER BY created_time DESC LIMIT 10. Bound with :status=1, :user_1='4'.
in C:\Users\Daniel\Documents\GitHub\askengine\protected\views\question\index.php (18)
in C:\Users\Daniel\Documents\GitHub\askengine\protected\controllers\QuestionController.php (285)
in C:\Users\Daniel\Documents\GitHub\askengine\index.php (13)
2013/08/14 13:12:01 [error] [exception.CDbException] exception 'CDbException' with message 'CDbCommand failed to execute the SQL statement: SQLSTATE[23000]: Integrity constraint violation: 1052 Column 'created_time' in order clause is ambiguous. The SQL statement executed was: SELECT `t`.`id` AS `t0_c0`, `t`.`question_text` AS `t0_c1`, `t`.`question_video_id` AS `t0_c2`, `t`.`from_id` AS `t0_c3`, `t`.`to_id` AS `t0_c4`, `t`.`answer_text` AS `t0_c5`, `t`.`answer_video_id` AS `t0_c6`, `t`.`image` AS `t0_c7`, `t`.`likes_n` AS `t0_c8`, `t`.`anonym` AS `t0_c9`, `t`.`anonym_custom` AS `t0_c10`, `t`.`status` AS `t0_c11`, `t`.`hide` AS `t0_c12`, `t`.`updated_time` AS `t0_c13`, `t`.`created_time` AS `t0_c14`, `receiver`.`id` AS `t1_c0`, `receiver`.`email` AS `t1_c1`, `receiver`.`password` AS `t1_c2`, `receiver`.`firstname` AS `t1_c3`, `receiver`.`lastname` AS `t1_c4`, `receiver`.`residence` AS `t1_c5`, `receiver`.`language` AS `t1_c6`, `receiver`.`about` AS `t1_c7`, `receiver`.`website` AS `t1_c8`, `receiver`.`title` AS `t1_c9`, `receiver`.`username` AS `t1_c10`, `receiver`.`birthday` AS `t1_c11`, `receiver`.`role` AS `t1_c12`, `receiver`.`answers_n` AS `t1_c13`, `receiver`.`likes_n` AS `t1_c14`, `receiver`.`followers_n` AS `t1_c15`, `receiver`.`created_time` AS `t1_c16`, `receiver`.`updated_time` AS `t1_c17`, `receiver`.`last_login_time` AS `t1_c18`, `receiver`.`status` AS `t1_c19`, `receiver`.`anonym_questions` AS `t1_c20`, `image`.`id` AS `t2_c0`, `image`.`image` AS `t2_c1`, `image`.`user_id` AS `t2_c2`, `image`.`filesize` AS `t2_c3`, `image`.`mime` AS `t2_c4` FROM `tbl_question` `t` INNER JOIN `tbl_user_user_assigment` ON `t`.`to_id` = `tbl_user_user_assigment`.`user_2` LEFT OUTER JOIN `tbl_user` `receiver` ON (`t`.`to_id`=`receiver`.`id`)  LEFT OUTER JOIN `tbl_image` `image` ON (`image`.`user_id`=`receiver`.`id`)  WHERE (t.status = :status AND tbl_user_user_assigment.user_1 = :user_1) ORDER BY created_time DESC LIMIT 10. Bound with :status=1, :user_1='4'' in C:\Users\Daniel\Documents\GitHub\askengine\framework\db\CDbCommand.php:541
Stack trace:
#0 C:\Users\Daniel\Documents\GitHub\askengine\framework\db\CDbCommand.php(395): CDbCommand->queryInternal('fetchAll', Array, Array)
#1 C:\Users\Daniel\Documents\GitHub\askengine\framework\db\ar\CActiveFinder.php(761): CDbCommand->queryAll()
#2 C:\Users\Daniel\Documents\GitHub\askengine\framework\db\ar\CActiveFinder.php(422): CJoinElement->runQuery(Object(CJoinQuery))
#3 C:\Users\Daniel\Documents\GitHub\askengine\framework\db\ar\CActiveFinder.php(68): CJoinElement->find(Object(CDbCriteria))
#4 C:\Users\Daniel\Documents\GitHub\askengine\framework\db\ar\CActiveRecord.php(1302): CActiveFinder->query(Object(CDbCriteria), true)
#5 C:\Users\Daniel\Documents\GitHub\askengine\framework\db\ar\CActiveRecord.php(1416): CActiveRecord->query(Object(CDbCriteria), true)
#6 C:\Users\Daniel\Documents\GitHub\askengine\framework\web\CActiveDataProvider.php(150): CActiveRecord->findAll(Object(CDbCriteria))
#7 C:\Users\Daniel\Documents\GitHub\askengine\framework\web\CDataProvider.php(168): CActiveDataProvider->fetchData()
#8 C:\Users\Daniel\Documents\GitHub\askengine\framework\zii\widgets\CBaseListView.php(107): CDataProvider->getData()
#9 C:\Users\Daniel\Documents\GitHub\askengine\framework\zii\widgets\CListView.php(203): CBaseListView->init()
#10 C:\Users\Daniel\Documents\GitHub\askengine\framework\web\CBaseController.php(147): CListView->init()
#11 C:\Users\Daniel\Documents\GitHub\askengine\framework\web\CBaseController.php(172): CBaseController->createWidget('zii.widgets.CLi...', Array)
#12 C:\Users\Daniel\Documents\GitHub\askengine\protected\views\question\index.php(18): CBaseController->widget('zii.widgets.CLi...', Array)
#13 C:\Users\Daniel\Documents\GitHub\askengine\framework\web\CBaseController.php(126): require('C:\Users\Daniel...')
#14 C:\Users\Daniel\Documents\GitHub\askengine\framework\web\CBaseController.php(95): CBaseController->renderInternal('C:\Users\Daniel...', Array, true)
#15 C:\Users\Daniel\Documents\GitHub\askengine\framework\web\CController.php(869): CBaseController->renderFile('C:\Users\Daniel...', Array, true)
#16 C:\Users\Daniel\Documents\GitHub\askengine\framework\web\CController.php(782): CController->renderPartial('index', Array, true)
#17 C:\Users\Daniel\Documents\GitHub\askengine\protected\controllers\QuestionController.php(285): CController->render('index', Array)
#18 C:\Users\Daniel\Documents\GitHub\askengine\framework\web\actions\CInlineAction.php(49): QuestionController->actionIndex()
#19 C:\Users\Daniel\Documents\GitHub\askengine\framework\web\CController.php(308): CInlineAction->runWithParams(Array)
#20 C:\Users\Daniel\Documents\GitHub\askengine\framework\web\filters\CFilterChain.php(133): CController->runAction(Object(CInlineAction))
#21 C:\Users\Daniel\Documents\GitHub\askengine\framework\web\filters\CFilter.php(40): CFilterChain->run()
#22 C:\Users\Daniel\Documents\GitHub\askengine\framework\web\CController.php(1145): CFilter->filter(Object(CFilterChain))
#23 C:\Users\Daniel\Documents\GitHub\askengine\framework\web\filters\CInlineFilter.php(58): CController->filterAccessControl(Object(CFilterChain))
#24 C:\Users\Daniel\Documents\GitHub\askengine\framework\web\filters\CFilterChain.php(130): CInlineFilter->filter(Object(CFilterChain))
#25 C:\Users\Daniel\Documents\GitHub\askengine\framework\web\CController.php(291): CFilterChain->run()
#26 C:\Users\Daniel\Documents\GitHub\askengine\framework\web\CController.php(265): CController->runActionWithFilters(Object(CInlineAction), Array)
#27 C:\Users\Daniel\Documents\GitHub\askengine\framework\web\CWebApplication.php(282): CController->run('')
#28 C:\Users\Daniel\Documents\GitHub\askengine\framework\web\CWebApplication.php(141): CWebApplication->runController('question')
#29 C:\Users\Daniel\Documents\GitHub\askengine\framework\base\CApplication.php(169): CWebApplication->processRequest()
#30 C:\Users\Daniel\Documents\GitHub\askengine\index.php(13): CApplication->run()
#31 {main}
REQUEST_URI=/question/
---
2013/08/14 13:12:01 [error] [exception.CHttpException.404] exception 'CHttpException' with message 'Unable to resolve the request "favicon.ico".' in C:\Users\Daniel\Documents\GitHub\askengine\framework\web\CWebApplication.php:286
Stack trace:
#0 C:\Users\Daniel\Documents\GitHub\askengine\framework\web\CWebApplication.php(141): CWebApplication->runController('favicon.ico')
#1 C:\Users\Daniel\Documents\GitHub\askengine\framework\base\CApplication.php(169): CWebApplication->processRequest()
#2 C:\Users\Daniel\Documents\GitHub\askengine\index.php(13): CApplication->run()
#3 {main}
REQUEST_URI=/favicon.ico
---
2013/08/14 13:12:23 [error] [php] Trying to get property of non-object (C:\Users\Daniel\Documents\GitHub\askengine\protected\views\question\_feed.php:1)
Stack trace:
#0 C:\Users\Daniel\Documents\GitHub\askengine\framework\zii\widgets\CListView.php(281): QuestionController->renderFile()
#1 C:\Users\Daniel\Documents\GitHub\askengine\framework\zii\widgets\CBaseListView.php(160): CListView->renderItems()
#2 unknown(0): CListView->renderSection()
#3 C:\Users\Daniel\Documents\GitHub\askengine\framework\zii\widgets\CBaseListView.php(143): preg_replace_callback()
#4 C:\Users\Daniel\Documents\GitHub\askengine\framework\zii\widgets\CBaseListView.php(128): CListView->renderContent()
#5 C:\Users\Daniel\Documents\GitHub\askengine\framework\web\CBaseController.php(173): CListView->run()
#6 C:\Users\Daniel\Documents\GitHub\askengine\protected\views\question\index.php(18): QuestionController->widget()
#7 C:\Users\Daniel\Documents\GitHub\askengine\framework\web\CBaseController.php(126): require()
#8 C:\Users\Daniel\Documents\GitHub\askengine\framework\web\CBaseController.php(95): QuestionController->renderInternal()
#9 C:\Users\Daniel\Documents\GitHub\askengine\framework\web\CController.php(869): QuestionController->renderFile()
#10 C:\Users\Daniel\Documents\GitHub\askengine\framework\web\CController.php(782): QuestionController->renderPartial()
#11 C:\Users\Daniel\Documents\GitHub\askengine\protected\controllers\QuestionController.php(285): QuestionController->render()
#12 C:\Users\Daniel\Documents\GitHub\askengine\framework\web\actions\CInlineAction.php(49): QuestionController->actionIndex()
#13 C:\Users\Daniel\Documents\GitHub\askengine\framework\web\CController.php(308): CInlineAction->runWithParams()
#14 C:\Users\Daniel\Documents\GitHub\askengine\framework\web\filters\CFilterChain.php(133): QuestionController->runAction()
#15 C:\Users\Daniel\Documents\GitHub\askengine\framework\web\filters\CFilter.php(40): CFilterChain->run()
#16 C:\Users\Daniel\Documents\GitHub\askengine\framework\web\CController.php(1145): CAccessControlFilter->filter()
#17 C:\Users\Daniel\Documents\GitHub\askengine\framework\web\filters\CInlineFilter.php(58): QuestionController->filterAccessControl()
#18 C:\Users\Daniel\Documents\GitHub\askengine\framework\web\filters\CFilterChain.php(130): CInlineFilter->filter()
#19 C:\Users\Daniel\Documents\GitHub\askengine\framework\web\CController.php(291): CFilterChain->run()
#20 C:\Users\Daniel\Documents\GitHub\askengine\framework\web\CController.php(265): QuestionController->runActionWithFilters()
#21 C:\Users\Daniel\Documents\GitHub\askengine\framework\web\CWebApplication.php(282): QuestionController->run()
#22 C:\Users\Daniel\Documents\GitHub\askengine\framework\web\CWebApplication.php(141): CWebApplication->runController()
#23 C:\Users\Daniel\Documents\GitHub\askengine\framework\base\CApplication.php(169): CWebApplication->processRequest()
#24 C:\Users\Daniel\Documents\GitHub\askengine\index.php(13): CWebApplication->run()
REQUEST_URI=/question/
in C:\Users\Daniel\Documents\GitHub\askengine\protected\views\question\_feed.php (1)
in C:\Users\Daniel\Documents\GitHub\askengine\protected\views\question\index.php (18)
in C:\Users\Daniel\Documents\GitHub\askengine\protected\controllers\QuestionController.php (285)
2013/08/14 13:12:23 [error] [exception.CHttpException.404] exception 'CHttpException' with message 'Unable to resolve the request "favicon.ico".' in C:\Users\Daniel\Documents\GitHub\askengine\framework\web\CWebApplication.php:286
Stack trace:
#0 C:\Users\Daniel\Documents\GitHub\askengine\framework\web\CWebApplication.php(141): CWebApplication->runController('favicon.ico')
#1 C:\Users\Daniel\Documents\GitHub\askengine\framework\base\CApplication.php(169): CWebApplication->processRequest()
#2 C:\Users\Daniel\Documents\GitHub\askengine\index.php(13): CApplication->run()
#3 {main}
REQUEST_URI=/favicon.ico
---
2013/08/14 13:13:34 [error] [php] Trying to get property of non-object (C:\Users\Daniel\Documents\GitHub\askengine\protected\views\question\_feed.php:1)
Stack trace:
#0 C:\Users\Daniel\Documents\GitHub\askengine\framework\zii\widgets\CListView.php(281): QuestionController->renderFile()
#1 C:\Users\Daniel\Documents\GitHub\askengine\framework\zii\widgets\CBaseListView.php(160): CListView->renderItems()
#2 unknown(0): CListView->renderSection()
#3 C:\Users\Daniel\Documents\GitHub\askengine\framework\zii\widgets\CBaseListView.php(143): preg_replace_callback()
#4 C:\Users\Daniel\Documents\GitHub\askengine\framework\zii\widgets\CBaseListView.php(128): CListView->renderContent()
#5 C:\Users\Daniel\Documents\GitHub\askengine\framework\web\CBaseController.php(173): CListView->run()
#6 C:\Users\Daniel\Documents\GitHub\askengine\protected\views\question\index.php(18): QuestionController->widget()
#7 C:\Users\Daniel\Documents\GitHub\askengine\framework\web\CBaseController.php(126): require()
#8 C:\Users\Daniel\Documents\GitHub\askengine\framework\web\CBaseController.php(95): QuestionController->renderInternal()
#9 C:\Users\Daniel\Documents\GitHub\askengine\framework\web\CController.php(869): QuestionController->renderFile()
#10 C:\Users\Daniel\Documents\GitHub\askengine\framework\web\CController.php(782): QuestionController->renderPartial()
#11 C:\Users\Daniel\Documents\GitHub\askengine\protected\controllers\QuestionController.php(285): QuestionController->render()
#12 C:\Users\Daniel\Documents\GitHub\askengine\framework\web\actions\CInlineAction.php(49): QuestionController->actionIndex()
#13 C:\Users\Daniel\Documents\GitHub\askengine\framework\web\CController.php(308): CInlineAction->runWithParams()
#14 C:\Users\Daniel\Documents\GitHub\askengine\framework\web\filters\CFilterChain.php(133): QuestionController->runAction()
#15 C:\Users\Daniel\Documents\GitHub\askengine\framework\web\filters\CFilter.php(40): CFilterChain->run()
#16 C:\Users\Daniel\Documents\GitHub\askengine\framework\web\CController.php(1145): CAccessControlFilter->filter()
#17 C:\Users\Daniel\Documents\GitHub\askengine\framework\web\filters\CInlineFilter.php(58): QuestionController->filterAccessControl()
#18 C:\Users\Daniel\Documents\GitHub\askengine\framework\web\filters\CFilterChain.php(130): CInlineFilter->filter()
#19 C:\Users\Daniel\Documents\GitHub\askengine\framework\web\CController.php(291): CFilterChain->run()
#20 C:\Users\Daniel\Documents\GitHub\askengine\framework\web\CController.php(265): QuestionController->runActionWithFilters()
#21 C:\Users\Daniel\Documents\GitHub\askengine\framework\web\CWebApplication.php(282): QuestionController->run()
#22 C:\Users\Daniel\Documents\GitHub\askengine\framework\web\CWebApplication.php(141): CWebApplication->runController()
#23 C:\Users\Daniel\Documents\GitHub\askengine\framework\base\CApplication.php(169): CWebApplication->processRequest()
#24 C:\Users\Daniel\Documents\GitHub\askengine\index.php(13): CWebApplication->run()
REQUEST_URI=/question/
in C:\Users\Daniel\Documents\GitHub\askengine\protected\views\question\_feed.php (1)
in C:\Users\Daniel\Documents\GitHub\askengine\protected\views\question\index.php (18)
in C:\Users\Daniel\Documents\GitHub\askengine\protected\controllers\QuestionController.php (285)
2013/08/14 13:13:34 [error] [exception.CHttpException.404] exception 'CHttpException' with message 'Unable to resolve the request "favicon.ico".' in C:\Users\Daniel\Documents\GitHub\askengine\framework\web\CWebApplication.php:286
Stack trace:
#0 C:\Users\Daniel\Documents\GitHub\askengine\framework\web\CWebApplication.php(141): CWebApplication->runController('favicon.ico')
#1 C:\Users\Daniel\Documents\GitHub\askengine\framework\base\CApplication.php(169): CWebApplication->processRequest()
#2 C:\Users\Daniel\Documents\GitHub\askengine\index.php(13): CApplication->run()
#3 {main}
REQUEST_URI=/favicon.ico
---
2013/08/14 13:15:43 [error] [php] Trying to get property of non-object (C:\Users\Daniel\Documents\GitHub\askengine\protected\views\question\_feed.php:1)
Stack trace:
#0 C:\Users\Daniel\Documents\GitHub\askengine\framework\zii\widgets\CListView.php(281): QuestionController->renderFile()
#1 C:\Users\Daniel\Documents\GitHub\askengine\framework\zii\widgets\CBaseListView.php(160): CListView->renderItems()
#2 unknown(0): CListView->renderSection()
#3 C:\Users\Daniel\Documents\GitHub\askengine\framework\zii\widgets\CBaseListView.php(143): preg_replace_callback()
#4 C:\Users\Daniel\Documents\GitHub\askengine\framework\zii\widgets\CBaseListView.php(128): CListView->renderContent()
#5 C:\Users\Daniel\Documents\GitHub\askengine\framework\web\CBaseController.php(173): CListView->run()
#6 C:\Users\Daniel\Documents\GitHub\askengine\protected\views\question\index.php(18): QuestionController->widget()
#7 C:\Users\Daniel\Documents\GitHub\askengine\framework\web\CBaseController.php(126): require()
#8 C:\Users\Daniel\Documents\GitHub\askengine\framework\web\CBaseController.php(95): QuestionController->renderInternal()
#9 C:\Users\Daniel\Documents\GitHub\askengine\framework\web\CController.php(869): QuestionController->renderFile()
#10 C:\Users\Daniel\Documents\GitHub\askengine\framework\web\CController.php(782): QuestionController->renderPartial()
#11 C:\Users\Daniel\Documents\GitHub\askengine\protected\controllers\QuestionController.php(285): QuestionController->render()
#12 C:\Users\Daniel\Documents\GitHub\askengine\framework\web\actions\CInlineAction.php(49): QuestionController->actionIndex()
#13 C:\Users\Daniel\Documents\GitHub\askengine\framework\web\CController.php(308): CInlineAction->runWithParams()
#14 C:\Users\Daniel\Documents\GitHub\askengine\framework\web\filters\CFilterChain.php(133): QuestionController->runAction()
#15 C:\Users\Daniel\Documents\GitHub\askengine\framework\web\filters\CFilter.php(40): CFilterChain->run()
#16 C:\Users\Daniel\Documents\GitHub\askengine\framework\web\CController.php(1145): CAccessControlFilter->filter()
#17 C:\Users\Daniel\Documents\GitHub\askengine\framework\web\filters\CInlineFilter.php(58): QuestionController->filterAccessControl()
#18 C:\Users\Daniel\Documents\GitHub\askengine\framework\web\filters\CFilterChain.php(130): CInlineFilter->filter()
#19 C:\Users\Daniel\Documents\GitHub\askengine\framework\web\CController.php(291): CFilterChain->run()
#20 C:\Users\Daniel\Documents\GitHub\askengine\framework\web\CController.php(265): QuestionController->runActionWithFilters()
#21 C:\Users\Daniel\Documents\GitHub\askengine\framework\web\CWebApplication.php(282): QuestionController->run()
#22 C:\Users\Daniel\Documents\GitHub\askengine\framework\web\CWebApplication.php(141): CWebApplication->runController()
#23 C:\Users\Daniel\Documents\GitHub\askengine\framework\base\CApplication.php(169): CWebApplication->processRequest()
#24 C:\Users\Daniel\Documents\GitHub\askengine\index.php(13): CWebApplication->run()
REQUEST_URI=/question/
in C:\Users\Daniel\Documents\GitHub\askengine\protected\views\question\_feed.php (1)
in C:\Users\Daniel\Documents\GitHub\askengine\protected\views\question\index.php (18)
in C:\Users\Daniel\Documents\GitHub\askengine\protected\controllers\QuestionController.php (285)
2013/08/14 13:15:43 [error] [exception.CHttpException.404] exception 'CHttpException' with message 'Unable to resolve the request "favicon.ico".' in C:\Users\Daniel\Documents\GitHub\askengine\framework\web\CWebApplication.php:286
Stack trace:
#0 C:\Users\Daniel\Documents\GitHub\askengine\framework\web\CWebApplication.php(141): CWebApplication->runController('favicon.ico')
#1 C:\Users\Daniel\Documents\GitHub\askengine\framework\base\CApplication.php(169): CWebApplication->processRequest()
#2 C:\Users\Daniel\Documents\GitHub\askengine\index.php(13): CApplication->run()
#3 {main}
REQUEST_URI=/favicon.ico
---
2013/08/14 13:17:17 [error] [php] Undefined variable: alt (C:\Users\Daniel\Documents\GitHub\askengine\protected\views\question\_feed.php:1)
Stack trace:
#0 C:\Users\Daniel\Documents\GitHub\askengine\framework\zii\widgets\CListView.php(281): QuestionController->renderFile()
#1 C:\Users\Daniel\Documents\GitHub\askengine\framework\zii\widgets\CBaseListView.php(160): CListView->renderItems()
#2 unknown(0): CListView->renderSection()
#3 C:\Users\Daniel\Documents\GitHub\askengine\framework\zii\widgets\CBaseListView.php(143): preg_replace_callback()
#4 C:\Users\Daniel\Documents\GitHub\askengine\framework\zii\widgets\CBaseListView.php(128): CListView->renderContent()
#5 C:\Users\Daniel\Documents\GitHub\askengine\framework\web\CBaseController.php(173): CListView->run()
#6 C:\Users\Daniel\Documents\GitHub\askengine\protected\views\question\index.php(18): QuestionController->widget()
#7 C:\Users\Daniel\Documents\GitHub\askengine\framework\web\CBaseController.php(126): require()
#8 C:\Users\Daniel\Documents\GitHub\askengine\framework\web\CBaseController.php(95): QuestionController->renderInternal()
#9 C:\Users\Daniel\Documents\GitHub\askengine\framework\web\CController.php(869): QuestionController->renderFile()
#10 C:\Users\Daniel\Documents\GitHub\askengine\framework\web\CController.php(782): QuestionController->renderPartial()
#11 C:\Users\Daniel\Documents\GitHub\askengine\protected\controllers\QuestionController.php(285): QuestionController->render()
#12 C:\Users\Daniel\Documents\GitHub\askengine\framework\web\actions\CInlineAction.php(49): QuestionController->actionIndex()
#13 C:\Users\Daniel\Documents\GitHub\askengine\framework\web\CController.php(308): CInlineAction->runWithParams()
#14 C:\Users\Daniel\Documents\GitHub\askengine\framework\web\filters\CFilterChain.php(133): QuestionController->runAction()
#15 C:\Users\Daniel\Documents\GitHub\askengine\framework\web\filters\CFilter.php(40): CFilterChain->run()
#16 C:\Users\Daniel\Documents\GitHub\askengine\framework\web\CController.php(1145): CAccessControlFilter->filter()
#17 C:\Users\Daniel\Documents\GitHub\askengine\framework\web\filters\CInlineFilter.php(58): QuestionController->filterAccessControl()
#18 C:\Users\Daniel\Documents\GitHub\askengine\framework\web\filters\CFilterChain.php(130): CInlineFilter->filter()
#19 C:\Users\Daniel\Documents\GitHub\askengine\framework\web\CController.php(291): CFilterChain->run()
#20 C:\Users\Daniel\Documents\GitHub\askengine\framework\web\CController.php(265): QuestionController->runActionWithFilters()
#21 C:\Users\Daniel\Documents\GitHub\askengine\framework\web\CWebApplication.php(282): QuestionController->run()
#22 C:\Users\Daniel\Documents\GitHub\askengine\framework\web\CWebApplication.php(141): CWebApplication->runController()
#23 C:\Users\Daniel\Documents\GitHub\askengine\framework\base\CApplication.php(169): CWebApplication->processRequest()
#24 C:\Users\Daniel\Documents\GitHub\askengine\index.php(13): CWebApplication->run()
REQUEST_URI=/question/
in C:\Users\Daniel\Documents\GitHub\askengine\protected\views\question\_feed.php (1)
in C:\Users\Daniel\Documents\GitHub\askengine\protected\views\question\index.php (18)
in C:\Users\Daniel\Documents\GitHub\askengine\protected\controllers\QuestionController.php (285)
2013/08/14 13:17:17 [error] [exception.CHttpException.404] exception 'CHttpException' with message 'Unable to resolve the request "favicon.ico".' in C:\Users\Daniel\Documents\GitHub\askengine\framework\web\CWebApplication.php:286
Stack trace:
#0 C:\Users\Daniel\Documents\GitHub\askengine\framework\web\CWebApplication.php(141): CWebApplication->runController('favicon.ico')
#1 C:\Users\Daniel\Documents\GitHub\askengine\framework\base\CApplication.php(169): CWebApplication->processRequest()
#2 C:\Users\Daniel\Documents\GitHub\askengine\index.php(13): CApplication->run()
#3 {main}
REQUEST_URI=/favicon.ico
---
2013/08/14 13:17:30 [error] [php] Undefined variable: alt (C:\Users\Daniel\Documents\GitHub\askengine\protected\views\question\_feed.php:1)
Stack trace:
#0 C:\Users\Daniel\Documents\GitHub\askengine\framework\zii\widgets\CListView.php(281): QuestionController->renderFile()
#1 C:\Users\Daniel\Documents\GitHub\askengine\framework\zii\widgets\CBaseListView.php(160): CListView->renderItems()
#2 unknown(0): CListView->renderSection()
#3 C:\Users\Daniel\Documents\GitHub\askengine\framework\zii\widgets\CBaseListView.php(143): preg_replace_callback()
#4 C:\Users\Daniel\Documents\GitHub\askengine\framework\zii\widgets\CBaseListView.php(128): CListView->renderContent()
#5 C:\Users\Daniel\Documents\GitHub\askengine\framework\web\CBaseController.php(173): CListView->run()
#6 C:\Users\Daniel\Documents\GitHub\askengine\protected\views\question\index.php(18): QuestionController->widget()
#7 C:\Users\Daniel\Documents\GitHub\askengine\framework\web\CBaseController.php(126): require()
#8 C:\Users\Daniel\Documents\GitHub\askengine\framework\web\CBaseController.php(95): QuestionController->renderInternal()
#9 C:\Users\Daniel\Documents\GitHub\askengine\framework\web\CController.php(869): QuestionController->renderFile()
#10 C:\Users\Daniel\Documents\GitHub\askengine\framework\web\CController.php(782): QuestionController->renderPartial()
#11 C:\Users\Daniel\Documents\GitHub\askengine\protected\controllers\QuestionController.php(285): QuestionController->render()
#12 C:\Users\Daniel\Documents\GitHub\askengine\framework\web\actions\CInlineAction.php(49): QuestionController->actionIndex()
#13 C:\Users\Daniel\Documents\GitHub\askengine\framework\web\CController.php(308): CInlineAction->runWithParams()
#14 C:\Users\Daniel\Documents\GitHub\askengine\framework\web\filters\CFilterChain.php(133): QuestionController->runAction()
#15 C:\Users\Daniel\Documents\GitHub\askengine\framework\web\filters\CFilter.php(40): CFilterChain->run()
#16 C:\Users\Daniel\Documents\GitHub\askengine\framework\web\CController.php(1145): CAccessControlFilter->filter()
#17 C:\Users\Daniel\Documents\GitHub\askengine\framework\web\filters\CInlineFilter.php(58): QuestionController->filterAccessControl()
#18 C:\Users\Daniel\Documents\GitHub\askengine\framework\web\filters\CFilterChain.php(130): CInlineFilter->filter()
#19 C:\Users\Daniel\Documents\GitHub\askengine\framework\web\CController.php(291): CFilterChain->run()
#20 C:\Users\Daniel\Documents\GitHub\askengine\framework\web\CController.php(265): QuestionController->runActionWithFilters()
#21 C:\Users\Daniel\Documents\GitHub\askengine\framework\web\CWebApplication.php(282): QuestionController->run()
#22 C:\Users\Daniel\Documents\GitHub\askengine\framework\web\CWebApplication.php(141): CWebApplication->runController()
#23 C:\Users\Daniel\Documents\GitHub\askengine\framework\base\CApplication.php(169): CWebApplication->processRequest()
#24 C:\Users\Daniel\Documents\GitHub\askengine\index.php(13): CWebApplication->run()
REQUEST_URI=/question/
in C:\Users\Daniel\Documents\GitHub\askengine\protected\views\question\_feed.php (1)
in C:\Users\Daniel\Documents\GitHub\askengine\protected\views\question\index.php (18)
in C:\Users\Daniel\Documents\GitHub\askengine\protected\controllers\QuestionController.php (285)
2013/08/14 13:17:30 [error] [exception.CHttpException.404] exception 'CHttpException' with message 'Unable to resolve the request "favicon.ico".' in C:\Users\Daniel\Documents\GitHub\askengine\framework\web\CWebApplication.php:286
Stack trace:
#0 C:\Users\Daniel\Documents\GitHub\askengine\framework\web\CWebApplication.php(141): CWebApplication->runController('favicon.ico')
#1 C:\Users\Daniel\Documents\GitHub\askengine\framework\base\CApplication.php(169): CWebApplication->processRequest()
#2 C:\Users\Daniel\Documents\GitHub\askengine\index.php(13): CApplication->run()
#3 {main}
REQUEST_URI=/favicon.ico
---
2013/08/14 15:09:54 [error] [system.db.CDbCommand] CDbCommand::fetchAll() failed: SQLSTATE[42S02]: Base table or view not found: 1146 Table 'askengine.user_user_assignment' doesn't exist. The SQL statement executed was: SHOW FULL COLUMNS FROM `user_user_assignment`.
in C:\Users\Daniel\Documents\GitHub\askengine\protected\views\user\view.php (60)
in C:\Users\Daniel\Documents\GitHub\askengine\protected\controllers\UserController.php (146)
in C:\Users\Daniel\Documents\GitHub\askengine\index.php (13)
2013/08/14 15:09:54 [error] [exception.CDbException] exception 'CDbException' with message 'The relation "followers" in active record class "User" is not specified correctly. The join table "user_user_assignment" given in the foreign key cannot be found in the database.' in C:\Users\Daniel\Documents\GitHub\askengine\framework\db\ar\CActiveFinder.php:1467
Stack trace:
#0 C:\Users\Daniel\Documents\GitHub\askengine\framework\db\ar\CActiveFinder.php(1339): CStatElement->queryManyMany('user_user_assig...', 'user_2, user_1')
#1 C:\Users\Daniel\Documents\GitHub\askengine\framework\db\ar\CActiveFinder.php(457): CStatElement->query()
#2 C:\Users\Daniel\Documents\GitHub\askengine\framework\db\ar\CActiveFinder.php(163): CJoinElement->lazyFind(Object(User))
#3 C:\Users\Daniel\Documents\GitHub\askengine\framework\db\ar\CActiveRecord.php(272): CActiveFinder->lazyFind(Object(User))
#4 C:\Users\Daniel\Documents\GitHub\askengine\framework\db\ar\CActiveRecord.php(179): CActiveRecord->getRelated('followers')
#5 C:\Users\Daniel\Documents\GitHub\askengine\framework\web\helpers\CHtml.php(1898): CActiveRecord->__isset('followers')
#6 C:\Users\Daniel\Documents\GitHub\askengine\framework\zii\widgets\CDetailView.php(211): CHtml::value(Object(User), 'followers')
#7 C:\Users\Daniel\Documents\GitHub\askengine\framework\web\CBaseController.php(173): CDetailView->run()
#8 C:\Users\Daniel\Documents\GitHub\askengine\protected\views\user\view.php(60): CBaseController->widget('zii.widgets.CDe...', Array)
#9 C:\Users\Daniel\Documents\GitHub\askengine\framework\web\CBaseController.php(126): require('C:\Users\Daniel...')
#10 C:\Users\Daniel\Documents\GitHub\askengine\framework\web\CBaseController.php(95): CBaseController->renderInternal('C:\Users\Daniel...', Array, true)
#11 C:\Users\Daniel\Documents\GitHub\askengine\framework\web\CController.php(869): CBaseController->renderFile('C:\Users\Daniel...', Array, true)
#12 C:\Users\Daniel\Documents\GitHub\askengine\framework\web\CController.php(782): CController->renderPartial('view', Array, true)
#13 C:\Users\Daniel\Documents\GitHub\askengine\protected\controllers\UserController.php(146): CController->render('view', Array)
#14 [internal function]: UserController->actionView(NULL)
#15 C:\Users\Daniel\Documents\GitHub\askengine\framework\web\actions\CAction.php(108): ReflectionMethod->invokeArgs(Object(UserController), Array)
#16 C:\Users\Daniel\Documents\GitHub\askengine\framework\web\actions\CInlineAction.php(47): CAction->runWithParamsInternal(Object(UserController), Object(ReflectionMethod), Array)
#17 C:\Users\Daniel\Documents\GitHub\askengine\framework\web\CController.php(308): CInlineAction->runWithParams(Array)
#18 C:\Users\Daniel\Documents\GitHub\askengine\framework\web\filters\CFilterChain.php(133): CController->runAction(Object(CInlineAction))
#19 C:\Users\Daniel\Documents\GitHub\askengine\framework\web\filters\CFilter.php(40): CFilterChain->run()
#20 C:\Users\Daniel\Documents\GitHub\askengine\framework\web\CController.php(1145): CFilter->filter(Object(CFilterChain))
#21 C:\Users\Daniel\Documents\GitHub\askengine\framework\web\filters\CInlineFilter.php(58): CController->filterAccessControl(Object(CFilterChain))
#22 C:\Users\Daniel\Documents\GitHub\askengine\framework\web\filters\CFilterChain.php(130): CInlineFilter->filter(Object(CFilterChain))
#23 C:\Users\Daniel\Documents\GitHub\askengine\framework\web\CController.php(291): CFilterChain->run()
#24 C:\Users\Daniel\Documents\GitHub\askengine\framework\web\CController.php(265): CController->runActionWithFilters(Object(CInlineAction), Array)
#25 C:\Users\Daniel\Documents\GitHub\askengine\framework\web\CWebApplication.php(282): CController->run('view')
#26 C:\Users\Daniel\Documents\GitHub\askengine\framework\web\CWebApplication.php(141): CWebApplication->runController('user/view')
#27 C:\Users\Daniel\Documents\GitHub\askengine\framework\base\CApplication.php(169): CWebApplication->processRequest()
#28 C:\Users\Daniel\Documents\GitHub\askengine\index.php(13): CApplication->run()
#29 {main}
REQUEST_URI=/user/view?0=4
HTTP_REFERER=http://localhost/
---
2013/08/14 15:09:55 [error] [exception.CHttpException.404] exception 'CHttpException' with message 'Unable to resolve the request "favicon.ico".' in C:\Users\Daniel\Documents\GitHub\askengine\framework\web\CWebApplication.php:286
Stack trace:
#0 C:\Users\Daniel\Documents\GitHub\askengine\framework\web\CWebApplication.php(141): CWebApplication->runController('favicon.ico')
#1 C:\Users\Daniel\Documents\GitHub\askengine\framework\base\CApplication.php(169): CWebApplication->processRequest()
#2 C:\Users\Daniel\Documents\GitHub\askengine\index.php(13): CApplication->run()
#3 {main}
REQUEST_URI=/favicon.ico
---
2013/08/14 15:17:11 [error] [exception.CHttpException.404] exception 'CHttpException' with message 'The system is unable to find the requested action "index".' in C:\Users\Daniel\Documents\GitHub\askengine\framework\web\CController.php:483
Stack trace:
#0 C:\Users\Daniel\Documents\GitHub\askengine\framework\web\CController.php(270): CController->missingAction('index')
#1 C:\Users\Daniel\Documents\GitHub\askengine\framework\web\CWebApplication.php(282): CController->run('index')
#2 C:\Users\Daniel\Documents\GitHub\askengine\framework\web\CWebApplication.php(141): CWebApplication->runController('user/index')
#3 C:\Users\Daniel\Documents\GitHub\askengine\framework\base\CApplication.php(169): CWebApplication->processRequest()
#4 C:\Users\Daniel\Documents\GitHub\askengine\index.php(13): CApplication->run()
#5 {main}
REQUEST_URI=/user/index
HTTP_REFERER=http://localhost/user/view?0=4
---
2013/08/14 15:50:14 [error] [exception.CHttpException.404] exception 'CHttpException' with message 'Unable to resolve the request "apple-touch-icon-precomposed.png".' in C:\Users\Daniel\Documents\GitHub\askengine\framework\web\CWebApplication.php:286
Stack trace:
#0 C:\Users\Daniel\Documents\GitHub\askengine\framework\web\CWebApplication.php(141): CWebApplication->runController('apple-touch-ico...')
#1 C:\Users\Daniel\Documents\GitHub\askengine\framework\base\CApplication.php(169): CWebApplication->processRequest()
#2 C:\Users\Daniel\Documents\GitHub\askengine\index.php(13): CApplication->run()
#3 {main}
REQUEST_URI=/apple-touch-icon-precomposed.png
---
2013/08/14 15:50:14 [error] [exception.CHttpException.404] exception 'CHttpException' with message 'Unable to resolve the request "apple-touch-icon.png".' in C:\Users\Daniel\Documents\GitHub\askengine\framework\web\CWebApplication.php:286
Stack trace:
#0 C:\Users\Daniel\Documents\GitHub\askengine\framework\web\CWebApplication.php(141): CWebApplication->runController('apple-touch-ico...')
#1 C:\Users\Daniel\Documents\GitHub\askengine\framework\base\CApplication.php(169): CWebApplication->processRequest()
#2 C:\Users\Daniel\Documents\GitHub\askengine\index.php(13): CApplication->run()
#3 {main}
REQUEST_URI=/apple-touch-icon.png
---
2013/08/15 14:40:48 [error] [exception.CHttpException.404] exception 'CHttpException' with message 'Unable to resolve the request "favicon.ico".' in C:\Users\Daniel\Documents\GitHub\askengine\framework\web\CWebApplication.php:286
Stack trace:
#0 C:\Users\Daniel\Documents\GitHub\askengine\framework\web\CWebApplication.php(141): CWebApplication->runController('favicon.ico')
#1 C:\Users\Daniel\Documents\GitHub\askengine\framework\base\CApplication.php(169): CWebApplication->processRequest()
#2 C:\Users\Daniel\Documents\GitHub\askengine\index.php(13): CApplication->run()
#3 {main}
REQUEST_URI=/favicon.ico
---
2013/08/15 14:42:36 [error] [exception.CHttpException.404] exception 'CHttpException' with message 'Unable to resolve the request "favicon.ico".' in C:\Users\Daniel\Documents\GitHub\askengine\framework\web\CWebApplication.php:286
Stack trace:
#0 C:\Users\Daniel\Documents\GitHub\askengine\framework\web\CWebApplication.php(141): CWebApplication->runController('favicon.ico')
#1 C:\Users\Daniel\Documents\GitHub\askengine\framework\base\CApplication.php(169): CWebApplication->processRequest()
#2 C:\Users\Daniel\Documents\GitHub\askengine\index.php(13): CApplication->run()
#3 {main}
REQUEST_URI=/favicon.ico
---
2013/08/15 17:29:26 [error] [exception.CHttpException.404] exception 'CHttpException' with message 'Unable to resolve the request "xampp/splash.php".' in C:\Users\Daniel\Documents\GitHub\askengine\framework\web\CWebApplication.php:286
Stack trace:
#0 C:\Users\Daniel\Documents\GitHub\askengine\framework\web\CWebApplication.php(141): CWebApplication->runController('xampp/splash.ph...')
#1 C:\Users\Daniel\Documents\GitHub\askengine\framework\base\CApplication.php(169): CWebApplication->processRequest()
#2 C:\Users\Daniel\Documents\GitHub\askengine\index.php(13): CApplication->run()
#3 {main}
REQUEST_URI=/xampp/splash.php
---
2013/08/15 17:33:42 [error] [exception.CHttpException.404] exception 'CHttpException' with message 'Unable to resolve the request "xampp/splash.php".' in C:\Users\Daniel\Documents\GitHub\askengine\framework\web\CWebApplication.php:286
Stack trace:
#0 C:\Users\Daniel\Documents\GitHub\askengine\framework\web\CWebApplication.php(141): CWebApplication->runController('xampp/splash.ph...')
#1 C:\Users\Daniel\Documents\GitHub\askengine\framework\base\CApplication.php(169): CWebApplication->processRequest()
#2 C:\Users\Daniel\Documents\GitHub\askengine\index.php(13): CApplication->run()
#3 {main}
REQUEST_URI=/xampp/splash.php
---
2013/08/15 17:36:19 [error] [system.db.CDbCommand] CDbCommand::fetchColumn() failed: SQLSTATE[42S02]: Base table or view not found: 1146 Table 'askengine.tbl_user_user_assignment' doesn't exist. The SQL statement executed was: SELECT COUNT(DISTINCT `t`.`id`) FROM `tbl_question` `t` INNER JOIN `tbl_user_user_assignment` ON `t`.`to_id` = `tbl_user_user_assignment`.`user_2` LEFT OUTER JOIN `tbl_user` `receiver` ON (`t`.`to_id`=`receiver`.`id`)  LEFT OUTER JOIN `tbl_image` `image` ON (`image`.`user_id`=`receiver`.`id`)  WHERE (t.status = :status AND tbl_user_user_assignment.user_1 = :user_1). Bound with :status=1, :user_1='15'.
in C:\Users\Daniel\Documents\GitHub\askengine\protected\views\question\feed.php (19)
in C:\Users\Daniel\Documents\GitHub\askengine\protected\extensions\yii-debug-toolbar\yii-debug-toolbar\components\YiiDebugViewRenderer.php (47)
in C:\Users\Daniel\Documents\GitHub\askengine\protected\controllers\QuestionController.php (286)
2013/08/15 17:36:19 [error] [exception.CDbException] exception 'CDbException' with message 'CDbCommand failed to execute the SQL statement: SQLSTATE[42S02]: Base table or view not found: 1146 Table 'askengine.tbl_user_user_assignment' doesn't exist. The SQL statement executed was: SELECT COUNT(DISTINCT `t`.`id`) FROM `tbl_question` `t` INNER JOIN `tbl_user_user_assignment` ON `t`.`to_id` = `tbl_user_user_assignment`.`user_2` LEFT OUTER JOIN `tbl_user` `receiver` ON (`t`.`to_id`=`receiver`.`id`)  LEFT OUTER JOIN `tbl_image` `image` ON (`image`.`user_id`=`receiver`.`id`)  WHERE (t.status = :status AND tbl_user_user_assignment.user_1 = :user_1). Bound with :status=1, :user_1='15'' in C:\Users\Daniel\Documents\GitHub\askengine\framework\db\CDbCommand.php:541
Stack trace:
#0 C:\Users\Daniel\Documents\GitHub\askengine\framework\db\CDbCommand.php(432): CDbCommand->queryInternal('fetchColumn', 0, Array)
#1 C:\Users\Daniel\Documents\GitHub\askengine\framework\db\ar\CActiveFinder.php(718): CDbCommand->queryScalar()
#2 C:\Users\Daniel\Documents\GitHub\askengine\framework\db\ar\CActiveFinder.php(151): CJoinElement->count(Object(CDbCriteria))
#3 C:\Users\Daniel\Documents\GitHub\askengine\framework\db\ar\CActiveRecord.php(1550): CActiveFinder->count(Object(CDbCriteria))
#4 C:\Users\Daniel\Documents\GitHub\askengine\framework\web\CActiveDataProvider.php(179): CActiveRecord->count(Object(CDbCriteria))
#5 C:\Users\Daniel\Documents\GitHub\askengine\framework\web\CDataProvider.php(224): CActiveDataProvider->calculateTotalItemCount()
#6 C:\Users\Daniel\Documents\GitHub\askengine\framework\web\CActiveDataProvider.php(129): CDataProvider->getTotalItemCount()
#7 C:\Users\Daniel\Documents\GitHub\askengine\framework\web\CDataProvider.php(168): CActiveDataProvider->fetchData()
#8 C:\Users\Daniel\Documents\GitHub\askengine\framework\zii\widgets\CBaseListView.php(107): CDataProvider->getData()
#9 C:\Users\Daniel\Documents\GitHub\askengine\framework\zii\widgets\CListView.php(203): CBaseListView->init()
#10 C:\Users\Daniel\Documents\GitHub\askengine\framework\web\CBaseController.php(147): CListView->init()
#11 C:\Users\Daniel\Documents\GitHub\askengine\framework\web\CBaseController.php(172): CBaseController->createWidget('zii.widgets.CLi...', Array)
#12 C:\Users\Daniel\Documents\GitHub\askengine\protected\views\question\feed.php(19): CBaseController->widget('zii.widgets.CLi...', Array)
#13 C:\Users\Daniel\Documents\GitHub\askengine\framework\web\CBaseController.php(126): require('C:\Users\Daniel...')
#14 C:\Users\Daniel\Documents\GitHub\askengine\protected\extensions\yii-debug-toolbar\yii-debug-toolbar\components\YiiDebugViewRenderer.php(47): CBaseController->renderInternal('C:\Users\Daniel...', Array, true)
#15 C:\Users\Daniel\Documents\GitHub\askengine\framework\web\CBaseController.php(93): YiiDebugViewRenderer->renderFile(Object(QuestionController), 'C:\Users\Daniel...', Array, true)
#16 C:\Users\Daniel\Documents\GitHub\askengine\framework\web\CController.php(869): CBaseController->renderFile('C:\Users\Daniel...', Array, true)
#17 C:\Users\Daniel\Documents\GitHub\askengine\framework\web\CController.php(782): CController->renderPartial('feed', Array, true)
#18 C:\Users\Daniel\Documents\GitHub\askengine\protected\controllers\QuestionController.php(286): CController->render('feed', Array)
#19 C:\Users\Daniel\Documents\GitHub\askengine\framework\web\actions\CInlineAction.php(49): QuestionController->actionFeed()
#20 C:\Users\Daniel\Documents\GitHub\askengine\framework\web\CController.php(308): CInlineAction->runWithParams(Array)
#21 C:\Users\Daniel\Documents\GitHub\askengine\framework\web\filters\CFilterChain.php(133): CController->runAction(Object(CInlineAction))
#22 C:\Users\Daniel\Documents\GitHub\askengine\framework\web\filters\CFilter.php(40): CFilterChain->run()
#23 C:\Users\Daniel\Documents\GitHub\askengine\framework\web\CController.php(1145): CFilter->filter(Object(CFilterChain))
#24 C:\Users\Daniel\Documents\GitHub\askengine\framework\web\filters\CInlineFilter.php(58): CController->filterAccessControl(Object(CFilterChain))
#25 C:\Users\Daniel\Documents\GitHub\askengine\framework\web\filters\CFilterChain.php(130): CInlineFilter->filter(Object(CFilterChain))
#26 C:\Users\Daniel\Documents\GitHub\askengine\framework\web\CController.php(291): CFilterChain->run()
#27 C:\Users\Daniel\Documents\GitHub\askengine\framework\web\CController.php(265): CController->runActionWithFilters(Object(CInlineAction), Array)
#28 C:\Users\Daniel\Documents\GitHub\askengine\framework\web\CWebApplication.php(282): CController->run('')
#29 C:\Users\Daniel\Documents\GitHub\askengine\framework\web\CWebApplication.php(141): CWebApplication->runController('question')
#30 C:\Users\Daniel\Documents\GitHub\askengine\framework\base\CApplication.php(169): CWebApplication->processRequest()
#31 C:\Users\Daniel\Documents\GitHub\askengine\index.php(13): CApplication->run()
#32 {main}
REQUEST_URI=/
HTTP_REFERER=http://localhost/user/create
---
2013/08/15 17:37:55 [error] [php] copy(C:\Users\Daniel\Documents\GitHub\askengine\assets\559bf9be\chronometer.png): failed to open stream: Invalid argument (C:\Users\Daniel\Documents\GitHub\askengine\framework\utils\CFileHelper.php:131)
Stack trace:
#0 C:\Users\Daniel\Documents\GitHub\askengine\framework\web\CAssetManager.php(251): copyDirectory()
#1 C:\Users\Daniel\Documents\GitHub\askengine\protected\extensions\yii-debug-toolbar\yii-debug-toolbar\YiiDebugToolbar.php(81): CAssetManager->publish()
#2 C:\Users\Daniel\Documents\GitHub\askengine\framework\base\CComponent.php(111): YiiDebugToolbar->getAssetsUrl()
#3 C:\Users\Daniel\Documents\GitHub\askengine\protected\extensions\yii-debug-toolbar\yii-debug-toolbar\YiiDebugToolbar.php(139): YiiDebugToolbar->__get()
#4 C:\Users\Daniel\Documents\GitHub\askengine\protected\extensions\yii-debug-toolbar\yii-debug-toolbar\YiiDebugToolbar.php(112): YiiDebugToolbar->registerClientScripts()
#5 C:\Users\Daniel\Documents\GitHub\askengine\protected\extensions\yii-debug-toolbar\yii-debug-toolbar\YiiDebugToolbarRoute.php(133): YiiDebugToolbar->init()
#6 C:\Users\Daniel\Documents\GitHub\askengine\framework\base\CComponent.php(558): YiiDebugToolbarRoute->onBeginRequest()
#7 C:\Users\Daniel\Documents\GitHub\askengine\framework\base\CApplication.php(196): CWebApplication->raiseEvent()
#8 C:\Users\Daniel\Documents\GitHub\askengine\framework\base\CApplication.php(167): CWebApplication->onBeginRequest()
#9 C:\Users\Daniel\Documents\GitHub\askengine\index.php(13): CWebApplication->run()
REQUEST_URI=/
in C:\Users\Daniel\Documents\GitHub\askengine\protected\extensions\yii-debug-toolbar\yii-debug-toolbar\YiiDebugToolbar.php (81)
in C:\Users\Daniel\Documents\GitHub\askengine\protected\extensions\yii-debug-toolbar\yii-debug-toolbar\YiiDebugToolbar.php (139)
in C:\Users\Daniel\Documents\GitHub\askengine\protected\extensions\yii-debug-toolbar\yii-debug-toolbar\YiiDebugToolbar.php (112)
2013/08/15 17:42:11 [error] [php] copy(C:\Users\Daniel\Documents\GitHub\askengine\assets\559bf9be\bullet_toggle_plus.png): failed to open stream: Invalid argument (C:\Users\Daniel\Documents\GitHub\askengine\framework\utils\CFileHelper.php:131)
Stack trace:
#0 C:\Users\Daniel\Documents\GitHub\askengine\framework\web\CAssetManager.php(251): copyDirectory()
#1 C:\Users\Daniel\Documents\GitHub\askengine\protected\extensions\yii-debug-toolbar\yii-debug-toolbar\YiiDebugToolbar.php(81): CAssetManager->publish()
#2 C:\Users\Daniel\Documents\GitHub\askengine\framework\base\CComponent.php(111): YiiDebugToolbar->getAssetsUrl()
#3 C:\Users\Daniel\Documents\GitHub\askengine\protected\extensions\yii-debug-toolbar\yii-debug-toolbar\YiiDebugToolbar.php(139): YiiDebugToolbar->__get()
#4 C:\Users\Daniel\Documents\GitHub\askengine\protected\extensions\yii-debug-toolbar\yii-debug-toolbar\YiiDebugToolbar.php(112): YiiDebugToolbar->registerClientScripts()
#5 C:\Users\Daniel\Documents\GitHub\askengine\protected\extensions\yii-debug-toolbar\yii-debug-toolbar\YiiDebugToolbarRoute.php(133): YiiDebugToolbar->init()
#6 C:\Users\Daniel\Documents\GitHub\askengine\framework\base\CComponent.php(558): YiiDebugToolbarRoute->onBeginRequest()
#7 C:\Users\Daniel\Documents\GitHub\askengine\framework\base\CApplication.php(196): CWebApplication->raiseEvent()
#8 C:\Users\Daniel\Documents\GitHub\askengine\framework\base\CApplication.php(167): CWebApplication->onBeginRequest()
#9 C:\Users\Daniel\Documents\GitHub\askengine\index.php(13): CWebApplication->run()
REQUEST_URI=/user/15
in C:\Users\Daniel\Documents\GitHub\askengine\protected\extensions\yii-debug-toolbar\yii-debug-toolbar\YiiDebugToolbar.php (81)
in C:\Users\Daniel\Documents\GitHub\askengine\protected\extensions\yii-debug-toolbar\yii-debug-toolbar\YiiDebugToolbar.php (139)
in C:\Users\Daniel\Documents\GitHub\askengine\protected\extensions\yii-debug-toolbar\yii-debug-toolbar\YiiDebugToolbar.php (112)
2013/08/15 17:45:04 [error] [php] Undefined variable: hybridauth (C:\Users\Daniel\Documents\GitHub\askengine\protected\controllers\QuestionController.php:186)
Stack trace:
#0 C:\Users\Daniel\Documents\GitHub\askengine\framework\web\actions\CInlineAction.php(47): CInlineAction->runWithParamsInternal()
#1 C:\Users\Daniel\Documents\GitHub\askengine\framework\web\CController.php(308): CInlineAction->runWithParams()
#2 C:\Users\Daniel\Documents\GitHub\askengine\framework\web\filters\CFilterChain.php(133): QuestionController->runAction()
#3 C:\Users\Daniel\Documents\GitHub\askengine\protected\controllers\QuestionController.php(37): CFilterChain->run()
#4 C:\Users\Daniel\Documents\GitHub\askengine\framework\web\filters\CInlineFilter.php(58): QuestionController->filterIAmTheReceiver()
#5 C:\Users\Daniel\Documents\GitHub\askengine\framework\web\filters\CFilterChain.php(130): CInlineFilter->filter()
#6 C:\Users\Daniel\Documents\GitHub\askengine\framework\web\filters\CFilter.php(40): CFilterChain->run()
#7 C:\Users\Daniel\Documents\GitHub\askengine\framework\web\CController.php(1145): CAccessControlFilter->filter()
#8 C:\Users\Daniel\Documents\GitHub\askengine\framework\web\filters\CInlineFilter.php(58): QuestionController->filterAccessControl()
#9 C:\Users\Daniel\Documents\GitHub\askengine\framework\web\filters\CFilterChain.php(130): CInlineFilter->filter()
#10 C:\Users\Daniel\Documents\GitHub\askengine\framework\web\CController.php(291): CFilterChain->run()
#11 C:\Users\Daniel\Documents\GitHub\askengine\framework\web\CController.php(265): QuestionController->runActionWithFilters()
#12 C:\Users\Daniel\Documents\GitHub\askengine\framework\web\CWebApplication.php(282): QuestionController->run()
#13 C:\Users\Daniel\Documents\GitHub\askengine\framework\web\CWebApplication.php(141): CWebApplication->runController()
#14 C:\Users\Daniel\Documents\GitHub\askengine\framework\base\CApplication.php(169): CWebApplication->processRequest()
#15 C:\Users\Daniel\Documents\GitHub\askengine\index.php(13): CWebApplication->run()
REQUEST_URI=/question/respond/150?ajax=1
in C:\Users\Daniel\Documents\GitHub\askengine\protected\controllers\QuestionController.php (186)
in C:\Users\Daniel\Documents\GitHub\askengine\protected\controllers\QuestionController.php (37)
in C:\Users\Daniel\Documents\GitHub\askengine\index.php (13)
2013/08/15 17:47:36 [error] [exception.CHttpException.404] exception 'CHttpException' with message 'The system is unable to find the requested action "index".' in C:\Users\Daniel\Documents\GitHub\askengine\framework\web\CController.php:483
Stack trace:
#0 C:\Users\Daniel\Documents\GitHub\askengine\framework\web\CController.php(270): CController->missingAction('')
#1 C:\Users\Daniel\Documents\GitHub\askengine\framework\web\CWebApplication.php(282): CController->run('')
#2 C:\Users\Daniel\Documents\GitHub\askengine\framework\web\CWebApplication.php(141): CWebApplication->runController('user')
#3 C:\Users\Daniel\Documents\GitHub\askengine\framework\base\CApplication.php(169): CWebApplication->processRequest()
#4 C:\Users\Daniel\Documents\GitHub\askengine\index.php(13): CApplication->run()
#5 {main}
REQUEST_URI=/user/
---
2013/08/15 20:49:08 [warning] [application] Failed to set unsafe attribute "image" of "Question".
in C:\Users\Daniel\Documents\GitHub\askengine\protected\controllers\QuestionController.php (173)
in C:\Users\Daniel\Documents\GitHub\askengine\protected\controllers\QuestionController.php (37)
in C:\Users\Daniel\Documents\GitHub\askengine\index.php (13)
2013/08/15 20:53:55 [error] [php] Missing argument 1 for Like::like(), called in C:\Users\Daniel\Documents\GitHub\askengine\protected\models\Like.php on line 44 and defined (C:\Users\Daniel\Documents\GitHub\askengine\protected\models\Like.php:40)
Stack trace:
#0 C:\Users\Daniel\Documents\GitHub\askengine\protected\models\Like.php(19): model()
#1 C:\Users\Daniel\Documents\GitHub\askengine\protected\views\question\_feed.php(30): model()
#2 C:\Users\Daniel\Documents\GitHub\askengine\framework\web\CBaseController.php(130): require()
#3 C:\Users\Daniel\Documents\GitHub\askengine\framework\web\CBaseController.php(95): QuestionController->renderInternal()
#4 C:\Users\Daniel\Documents\GitHub\askengine\framework\zii\widgets\CListView.php(281): QuestionController->renderFile()
#5 C:\Users\Daniel\Documents\GitHub\askengine\framework\zii\widgets\CBaseListView.php(160): CListView->renderItems()
#6 unknown(0): CListView->renderSection()
#7 C:\Users\Daniel\Documents\GitHub\askengine\framework\zii\widgets\CBaseListView.php(143): preg_replace_callback()
#8 C:\Users\Daniel\Documents\GitHub\askengine\framework\zii\widgets\CBaseListView.php(128): CListView->renderContent()
#9 C:\Users\Daniel\Documents\GitHub\askengine\framework\web\CBaseController.php(173): CListView->run()
#10 C:\Users\Daniel\Documents\GitHub\askengine\protected\views\question\feed.php(19): QuestionController->widget()
#11 C:\Users\Daniel\Documents\GitHub\askengine\framework\web\CBaseController.php(126): require()
#12 C:\Users\Daniel\Documents\GitHub\askengine\framework\web\CBaseController.php(95): QuestionController->renderInternal()
#13 C:\Users\Daniel\Documents\GitHub\askengine\framework\web\CController.php(869): QuestionController->renderFile()
#14 C:\Users\Daniel\Documents\GitHub\askengine\framework\web\CController.php(782): QuestionController->renderPartial()
#15 C:\Users\Daniel\Documents\GitHub\askengine\protected\controllers\QuestionController.php(280): QuestionController->render()
#16 C:\Users\Daniel\Documents\GitHub\askengine\framework\web\actions\CInlineAction.php(49): QuestionController->actionFeed()
#17 C:\Users\Daniel\Documents\GitHub\askengine\framework\web\CController.php(308): CInlineAction->runWithParams()
#18 C:\Users\Daniel\Documents\GitHub\askengine\framework\web\filters\CFilterChain.php(133): QuestionController->runAction()
#19 C:\Users\Daniel\Documents\GitHub\askengine\framework\web\filters\CFilter.php(40): CFilterChain->run()
#20 C:\Users\Daniel\Documents\GitHub\askengine\framework\web\CController.php(1145): CAccessControlFilter->filter()
#21 C:\Users\Daniel\Documents\GitHub\askengine\framework\web\filters\CInlineFilter.php(58): QuestionController->filterAccessControl()
#22 C:\Users\Daniel\Documents\GitHub\askengine\framework\web\filters\CFilterChain.php(130): CInlineFilter->filter()
#23 C:\Users\Daniel\Documents\GitHub\askengine\framework\web\CController.php(291): CFilterChain->run()
#24 C:\Users\Daniel\Documents\GitHub\askengine\framework\web\CController.php(265): QuestionController->runActionWithFilters()
#25 C:\Users\Daniel\Documents\GitHub\askengine\framework\web\CWebApplication.php(282): QuestionController->run()
#26 C:\Users\Daniel\Documents\GitHub\askengine\framework\web\CWebApplication.php(141): CWebApplication->runController()
#27 C:\Users\Daniel\Documents\GitHub\askengine\framework\base\CApplication.php(169): CWebApplication->processRequest()
#28 C:\Users\Daniel\Documents\GitHub\askengine\index.php(13): CWebApplication->run()
REQUEST_URI=/
in C:\Users\Daniel\Documents\GitHub\askengine\protected\models\Like.php (40)
in C:\Users\Daniel\Documents\GitHub\askengine\protected\models\Like.php (44)
in C:\Users\Daniel\Documents\GitHub\askengine\protected\models\Like.php (19)
2013/08/15 20:57:18 [error] [exception.CHttpException.404] exception 'CHttpException' with message 'The system is unable to find the requested action "createLike".' in C:\Users\Daniel\Documents\GitHub\askengine\framework\web\CController.php:483
Stack trace:
#0 C:\Users\Daniel\Documents\GitHub\askengine\framework\web\CController.php(270): CController->missingAction('createLike')
#1 C:\Users\Daniel\Documents\GitHub\askengine\framework\web\CWebApplication.php(282): CController->run('createLike')
#2 C:\Users\Daniel\Documents\GitHub\askengine\framework\web\CWebApplication.php(141): CWebApplication->runController('like/createLike')
#3 C:\Users\Daniel\Documents\GitHub\askengine\framework\base\CApplication.php(169): CWebApplication->processRequest()
#4 C:\Users\Daniel\Documents\GitHub\askengine\index.php(13): CApplication->run()
#5 {main}
REQUEST_URI=/like/createLike/1?ajax=1
HTTP_REFERER=http://localhost/
---
2013/08/15 21:18:28 [warning] [application] Failed to set unsafe attribute "image" of "Question".
in C:\Users\Daniel\Documents\GitHub\askengine\protected\controllers\QuestionController.php (173)
in C:\Users\Daniel\Documents\GitHub\askengine\protected\controllers\QuestionController.php (37)
in C:\Users\Daniel\Documents\GitHub\askengine\index.php (13)
